This file contains any messages produced by compilers while
running configure, to aid debugging if configure makes a mistake.

It was created by libdvbpsi configure 1.1.2, which was
generated by GNU Autoconf 2.68.  Invocation command line was

  $ ./configure 

## --------- ##
## Platform. ##
## --------- ##

hostname = chevy
uname -m = x86_64
uname -r = 3.5.0-46-generic
uname -s = Linux
uname -v = #70~precise1-Ubuntu SMP Thu Jan 9 23:55:12 UTC 2014

/usr/bin/uname -p = unknown
/bin/uname -X     = unknown

/bin/arch              = unknown
/usr/bin/arch -k       = unknown
/usr/convex/getsysinfo = unknown
/usr/bin/hostinfo      = unknown
/bin/machine           = unknown
/usr/bin/oslevel       = unknown
/bin/universe          = unknown

PATH: /usr/lib/lightdm/lightdm
PATH: /usr/local/sbin
PATH: /usr/local/bin
PATH: /usr/sbin
PATH: /usr/bin
PATH: /sbin
PATH: /bin
PATH: /usr/games
PATH: /usr/lib/jvm/java-6-oracle/bin


## ----------- ##
## Core tests. ##
## ----------- ##

configure:2217: checking build system type
configure:2231: result: x86_64-unknown-linux-gnu
configure:2251: checking host system type
configure:2264: result: x86_64-unknown-linux-gnu
configure:2284: checking target system type
configure:2297: result: x86_64-unknown-linux-gnu
configure:2341: checking for a BSD-compatible install
configure:2409: result: /usr/bin/install -c
configure:2420: checking whether build environment is sane
configure:2470: result: yes
configure:2611: checking for a thread-safe mkdir -p
configure:2650: result: /bin/mkdir -p
configure:2663: checking for gawk
configure:2679: found /usr/bin/gawk
configure:2690: result: gawk
configure:2701: checking whether make sets $(MAKE)
configure:2723: result: yes
configure:2855: checking for gcc
configure:2871: found /usr/bin/gcc
configure:2882: result: gcc
configure:3111: checking for C compiler version
configure:3120: gcc --version >&5
gcc (Ubuntu/Linaro 4.6.3-1ubuntu5) 4.6.3
Copyright (C) 2011 Free Software Foundation, Inc.
This is free software; see the source for copying conditions.  There is NO
warranty; not even for MERCHANTABILITY or FITNESS FOR A PARTICULAR PURPOSE.

configure:3131: $? = 0
configure:3120: gcc -v >&5
Using built-in specs.
COLLECT_GCC=gcc
COLLECT_LTO_WRAPPER=/usr/lib/gcc/x86_64-linux-gnu/4.6/lto-wrapper
Target: x86_64-linux-gnu
Configured with: ../src/configure -v --with-pkgversion='Ubuntu/Linaro 4.6.3-1ubuntu5' --with-bugurl=file:///usr/share/doc/gcc-4.6/README.Bugs --enable-languages=c,c++,fortran,objc,obj-c++ --prefix=/usr --program-suffix=-4.6 --enable-shared --enable-linker-build-id --with-system-zlib --libexecdir=/usr/lib --without-included-gettext --enable-threads=posix --with-gxx-include-dir=/usr/include/c++/4.6 --libdir=/usr/lib --enable-nls --with-sysroot=/ --enable-clocale=gnu --enable-libstdcxx-debug --enable-libstdcxx-time=yes --enable-gnu-unique-object --enable-plugin --enable-objc-gc --disable-werror --with-arch-32=i686 --with-tune=generic --enable-checking=release --build=x86_64-linux-gnu --host=x86_64-linux-gnu --target=x86_64-linux-gnu
Thread model: posix
gcc version 4.6.3 (Ubuntu/Linaro 4.6.3-1ubuntu5) 
configure:3131: $? = 0
configure:3120: gcc -V >&5
gcc: error: unrecognized option '-V'
gcc: fatal error: no input files
compilation terminated.
configure:3131: $? = 4
configure:3120: gcc -qversion >&5
gcc: error: unrecognized option '-qversion'
gcc: fatal error: no input files
compilation terminated.
configure:3131: $? = 4
configure:3151: checking whether the C compiler works
configure:3173: gcc    conftest.c  >&5
configure:3177: $? = 0
configure:3225: result: yes
configure:3228: checking for C compiler default output file name
configure:3230: result: a.out
configure:3236: checking for suffix of executables
configure:3243: gcc -o conftest    conftest.c  >&5
configure:3247: $? = 0
configure:3269: result: 
configure:3291: checking whether we are cross compiling
configure:3299: gcc -o conftest    conftest.c  >&5
configure:3303: $? = 0
configure:3310: ./conftest
configure:3314: $? = 0
configure:3329: result: no
configure:3334: checking for suffix of object files
configure:3356: gcc -c   conftest.c >&5
configure:3360: $? = 0
configure:3381: result: o
configure:3385: checking whether we are using the GNU C compiler
configure:3404: gcc -c   conftest.c >&5
configure:3404: $? = 0
configure:3413: result: yes
configure:3422: checking whether gcc accepts -g
configure:3442: gcc -c -g  conftest.c >&5
configure:3442: $? = 0
configure:3483: result: yes
configure:3500: checking for gcc option to accept ISO C89
configure:3564: gcc  -c -g -O2  conftest.c >&5
configure:3564: $? = 0
configure:3577: result: none needed
configure:3608: checking for style of include used by make
configure:3636: result: GNU
configure:3662: checking dependency style of gcc
configure:3773: result: gcc3
configure:3794: checking how to run the C preprocessor
configure:3825: gcc -E  conftest.c
configure:3825: $? = 0
configure:3839: gcc -E  conftest.c
conftest.c:11:28: fatal error: ac_nonexistent.h: No such file or directory
compilation terminated.
configure:3839: $? = 1
configure: failed program was:
| /* confdefs.h */
| #define PACKAGE_NAME "libdvbpsi"
| #define PACKAGE_TARNAME "libdvbpsi"
| #define PACKAGE_VERSION "1.1.2"
| #define PACKAGE_STRING "libdvbpsi 1.1.2"
| #define PACKAGE_BUGREPORT ""
| #define PACKAGE_URL ""
| #define PACKAGE "libdvbpsi"
| #define VERSION "1.1.2"
| /* end confdefs.h.  */
| #include <ac_nonexistent.h>
configure:3864: result: gcc -E
configure:3884: gcc -E  conftest.c
configure:3884: $? = 0
configure:3898: gcc -E  conftest.c
conftest.c:11:28: fatal error: ac_nonexistent.h: No such file or directory
compilation terminated.
configure:3898: $? = 1
configure: failed program was:
| /* confdefs.h */
| #define PACKAGE_NAME "libdvbpsi"
| #define PACKAGE_TARNAME "libdvbpsi"
| #define PACKAGE_VERSION "1.1.2"
| #define PACKAGE_STRING "libdvbpsi 1.1.2"
| #define PACKAGE_BUGREPORT ""
| #define PACKAGE_URL ""
| #define PACKAGE "libdvbpsi"
| #define VERSION "1.1.2"
| /* end confdefs.h.  */
| #include <ac_nonexistent.h>
configure:3927: checking for grep that handles long lines and -e
configure:3985: result: /bin/grep
configure:3990: checking for egrep
configure:4052: result: /bin/grep -E
configure:4057: checking for ANSI C header files
configure:4077: gcc -c -g -O2  conftest.c >&5
configure:4077: $? = 0
configure:4150: gcc -o conftest -g -O2   conftest.c  >&5
configure:4150: $? = 0
configure:4150: ./conftest
configure:4150: $? = 0
configure:4161: result: yes
configure:4169: checking for inline
configure:4185: gcc -c -g -O2  conftest.c >&5
configure:4185: $? = 0
configure:4193: result: inline
configure:4213: checking whether gcc and cc understand -c and -o together
configure:4244: gcc -c conftest.c -o conftest2.o >&5
configure:4248: $? = 0
configure:4254: gcc -c conftest.c -o conftest2.o >&5
configure:4258: $? = 0
configure:4269: cc -c conftest.c >&5
configure:4273: $? = 0
configure:4281: cc -c conftest.c -o conftest2.o >&5
configure:4285: $? = 0
configure:4291: cc -c conftest.c -o conftest2.o >&5
configure:4295: $? = 0
configure:4313: result: yes
configure:4688: checking how to print strings
configure:4715: result: printf
configure:4736: checking for a sed that does not truncate output
configure:4800: result: /bin/sed
configure:4818: checking for fgrep
configure:4880: result: /bin/grep -F
configure:4915: checking for ld used by gcc
configure:4982: result: /usr/bin/ld
configure:4989: checking if the linker (/usr/bin/ld) is GNU ld
configure:5004: result: yes
configure:5016: checking for BSD- or MS-compatible name lister (nm)
configure:5065: result: /usr/bin/nm -B
configure:5195: checking the name lister (/usr/bin/nm -B) interface
configure:5202: gcc -c -g -O2  conftest.c >&5
configure:5205: /usr/bin/nm -B "conftest.o"
configure:5208: output
0000000000000000 B some_variable
configure:5215: result: BSD nm
configure:5218: checking whether ln -s works
configure:5222: result: yes
configure:5230: checking the maximum length of command line arguments
configure:5360: result: 1572864
configure:5377: checking whether the shell understands some XSI constructs
configure:5387: result: yes
configure:5391: checking whether the shell understands "+="
configure:5397: result: yes
configure:5432: checking how to convert x86_64-unknown-linux-gnu file names to x86_64-unknown-linux-gnu format
configure:5472: result: func_convert_file_noop
configure:5479: checking how to convert x86_64-unknown-linux-gnu file names to toolchain format
configure:5499: result: func_convert_file_noop
configure:5506: checking for /usr/bin/ld option to reload object files
configure:5513: result: -r
configure:5587: checking for objdump
configure:5614: result: objdump
configure:5643: checking how to recognize dependent libraries
configure:5845: result: pass_all
configure:5930: checking for dlltool
configure:5957: result: dlltool
configure:5987: checking how to associate runtime and link libraries
configure:6014: result: printf %s\n
configure:6074: checking for ar
configure:6090: found /usr/bin/ar
configure:6101: result: ar
configure:6138: checking for archiver @FILE support
configure:6155: gcc -c -g -O2  conftest.c >&5
configure:6155: $? = 0
configure:6158: ar cru libconftest.a @conftest.lst >&5
configure:6161: $? = 0
configure:6166: ar cru libconftest.a @conftest.lst >&5
ar: conftest.o: No such file or directory
configure:6169: $? = 1
configure:6181: result: @
configure:6239: checking for strip
configure:6255: found /usr/bin/strip
configure:6266: result: strip
configure:6338: checking for ranlib
configure:6354: found /usr/bin/ranlib
configure:6365: result: ranlib
configure:6467: checking command to parse /usr/bin/nm -B output from gcc object
configure:6587: gcc -c -g -O2  conftest.c >&5
configure:6590: $? = 0
configure:6594: /usr/bin/nm -B conftest.o \| sed -n -e 's/^.*[ ]\([ABCDGIRSTW][ABCDGIRSTW]*\)[ ][ ]*\([_A-Za-z][_A-Za-z0-9]*\)$/\1 \2 \2/p' | sed '/ __gnu_lto/d' \> conftest.nm
configure:6597: $? = 0
configure:6663: gcc -o conftest -g -O2   conftest.c conftstm.o >&5
configure:6666: $? = 0
configure:6704: result: ok
configure:6741: checking for sysroot
configure:6771: result: no
configure:6848: gcc -c -g -O2  conftest.c >&5
configure:6851: $? = 0
configure:7027: checking for mt
configure:7043: found /bin/mt
configure:7054: result: mt
configure:7077: checking if mt is a manifest tool
configure:7083: mt '-?'
configure:7091: result: no
configure:7733: checking for sys/types.h
configure:7733: gcc -c -g -O2  conftest.c >&5
configure:7733: $? = 0
configure:7733: result: yes
configure:7733: checking for sys/stat.h
configure:7733: gcc -c -g -O2  conftest.c >&5
configure:7733: $? = 0
configure:7733: result: yes
configure:7733: checking for stdlib.h
configure:7733: gcc -c -g -O2  conftest.c >&5
configure:7733: $? = 0
configure:7733: result: yes
configure:7733: checking for string.h
configure:7733: gcc -c -g -O2  conftest.c >&5
configure:7733: $? = 0
configure:7733: result: yes
configure:7733: checking for memory.h
configure:7733: gcc -c -g -O2  conftest.c >&5
configure:7733: $? = 0
configure:7733: result: yes
configure:7733: checking for strings.h
configure:7733: gcc -c -g -O2  conftest.c >&5
configure:7733: $? = 0
configure:7733: result: yes
configure:7733: checking for inttypes.h
configure:7733: gcc -c -g -O2  conftest.c >&5
configure:7733: $? = 0
configure:7733: result: yes
configure:7733: checking for stdint.h
configure:7733: gcc -c -g -O2  conftest.c >&5
configure:7733: $? = 0
configure:7733: result: yes
configure:7733: checking for unistd.h
configure:7733: gcc -c -g -O2  conftest.c >&5
configure:7733: $? = 0
configure:7733: result: yes
configure:7747: checking for dlfcn.h
configure:7747: gcc -c -g -O2  conftest.c >&5
configure:7747: $? = 0
configure:7747: result: yes
configure:7951: checking for objdir
configure:7966: result: .libs
configure:8237: checking if gcc supports -fno-rtti -fno-exceptions
configure:8255: gcc -c -g -O2  -fno-rtti -fno-exceptions conftest.c >&5
cc1: warning: command line option '-fno-rtti' is valid for C++/ObjC++ but not for C [enabled by default]
configure:8259: $? = 0
configure:8272: result: no
configure:8599: checking for gcc option to produce PIC
configure:8606: result: -fPIC -DPIC
configure:8614: checking if gcc PIC flag -fPIC -DPIC works
configure:8632: gcc -c -g -O2  -fPIC -DPIC -DPIC conftest.c >&5
configure:8636: $? = 0
configure:8649: result: yes
configure:8678: checking if gcc static flag -static works
configure:8706: result: yes
configure:8721: checking if gcc supports -c -o file.o
configure:8742: gcc -c -g -O2  -o out/conftest2.o conftest.c >&5
configure:8746: $? = 0
configure:8768: result: yes
configure:8776: checking if gcc supports -c -o file.o
configure:8823: result: yes
configure:8856: checking whether the gcc linker (/usr/bin/ld -m elf_x86_64) supports shared libraries
configure:10013: result: yes
configure:10050: checking whether -lc should be explicitly linked in
configure:10058: gcc -c -g -O2  conftest.c >&5
configure:10061: $? = 0
configure:10076: gcc -shared  -fPIC -DPIC conftest.o  -v -Wl,-soname -Wl,conftest -o conftest 2\>\&1 \| /bin/grep  -lc  \>/dev/null 2\>\&1
configure:10079: $? = 0
configure:10093: result: no
configure:10253: checking dynamic linker characteristics
configure:10764: gcc -o conftest -g -O2   -Wl,-rpath -Wl,/foo conftest.c  >&5
configure:10764: $? = 0
configure:10998: result: GNU/Linux ld.so
configure:11105: checking how to hardcode library paths into programs
configure:11130: result: immediate
configure:11670: checking whether stripping libraries is possible
configure:11675: result: yes
configure:11710: checking if libtool supports shared libraries
configure:11712: result: yes
configure:11715: checking whether to build shared libraries
configure:11736: result: yes
configure:11739: checking whether to build static libraries
configure:11743: result: yes
configure:11828: checking stdbool.h usability
configure:11828: gcc -c -g -O2 -Wall -Werror --std=gnu99 -D_GNU_SOURCE -Wpointer-arith -Wcast-align -Wcast-qual -Wstrict-prototypes -Wshadow -Waggregate-return -Wmissing-prototypes -Wnested-externs -Wsign-compare -DDVBPSI_DIST  conftest.c >&5
configure:11828: $? = 0
configure:11828: result: yes
configure:11828: checking stdbool.h presence
configure:11828: gcc -E  conftest.c
configure:11828: $? = 0
configure:11828: result: yes
configure:11828: checking for stdbool.h
configure:11828: result: yes
configure:11828: checking for stdint.h
configure:11828: result: yes
configure:11828: checking for inttypes.h
configure:11828: result: yes
configure:11828: checking getopt.h usability
configure:11828: gcc -c -g -O2 -Wall -Werror --std=gnu99 -D_GNU_SOURCE -Wpointer-arith -Wcast-align -Wcast-qual -Wstrict-prototypes -Wshadow -Waggregate-return -Wmissing-prototypes -Wnested-externs -Wsign-compare -DDVBPSI_DIST  conftest.c >&5
configure:11828: $? = 0
configure:11828: result: yes
configure:11828: checking getopt.h presence
configure:11828: gcc -E  conftest.c
configure:11828: $? = 0
configure:11828: result: yes
configure:11828: checking for getopt.h
configure:11828: result: yes
configure:11828: checking for strings.h
configure:11828: result: yes
configure:11828: checking sys/time.h usability
configure:11828: gcc -c -g -O2 -Wall -Werror --std=gnu99 -D_GNU_SOURCE -Wpointer-arith -Wcast-align -Wcast-qual -Wstrict-prototypes -Wshadow -Waggregate-return -Wmissing-prototypes -Wnested-externs -Wsign-compare -DDVBPSI_DIST  conftest.c >&5
configure:11828: $? = 0
configure:11828: result: yes
configure:11828: checking sys/time.h presence
configure:11828: gcc -E  conftest.c
configure:11828: $? = 0
configure:11828: result: yes
configure:11828: checking for sys/time.h
configure:11828: result: yes
configure:11841: checking sys/socket.h usability
configure:11841: gcc -c -g -O2 -Wall -Werror --std=gnu99 -D_GNU_SOURCE -Wpointer-arith -Wcast-align -Wcast-qual -Wstrict-prototypes -Wshadow -Waggregate-return -Wmissing-prototypes -Wnested-externs -Wsign-compare -DDVBPSI_DIST  conftest.c >&5
configure:11841: $? = 0
configure:11841: result: yes
configure:11841: checking sys/socket.h presence
configure:11841: gcc -E  conftest.c
configure:11841: $? = 0
configure:11841: result: yes
configure:11841: checking for sys/socket.h
configure:11841: result: yes
configure:11862: checking for net/if.h
configure:11862: gcc -c -g -O2 -Wall -Werror --std=gnu99 -D_GNU_SOURCE -Wpointer-arith -Wcast-align -Wcast-qual -Wstrict-prototypes -Wshadow -Waggregate-return -Wmissing-prototypes -Wnested-externs -Wsign-compare -DDVBPSI_DIST  conftest.c >&5
configure:11862: $? = 0
configure:11862: result: yes
configure:11877: checking for variadic cpp macros
configure:11894: gcc -c -g -O2 -Wall -Werror --std=gnu99 -D_GNU_SOURCE -Wpointer-arith -Wcast-align -Wcast-qual -Wstrict-prototypes -Wshadow -Waggregate-return -Wmissing-prototypes -Wnested-externs -Wsign-compare -DDVBPSI_DIST  conftest.c >&5
conftest.c:34:1: error: function declaration isn't a prototype [-Werror=strict-prototypes]
cc1: all warnings being treated as errors
configure:11894: $? = 1
configure: failed program was:
| /* confdefs.h */
| #define PACKAGE_NAME "libdvbpsi"
| #define PACKAGE_TARNAME "libdvbpsi"
| #define PACKAGE_VERSION "1.1.2"
| #define PACKAGE_STRING "libdvbpsi 1.1.2"
| #define PACKAGE_BUGREPORT ""
| #define PACKAGE_URL ""
| #define PACKAGE "libdvbpsi"
| #define VERSION "1.1.2"
| #define STDC_HEADERS 1
| #define HAVE_SYS_TYPES_H 1
| #define HAVE_SYS_STAT_H 1
| #define HAVE_STDLIB_H 1
| #define HAVE_STRING_H 1
| #define HAVE_MEMORY_H 1
| #define HAVE_STRINGS_H 1
| #define HAVE_INTTYPES_H 1
| #define HAVE_STDINT_H 1
| #define HAVE_UNISTD_H 1
| #define HAVE_DLFCN_H 1
| #define LT_OBJDIR ".libs/"
| #define HAVE_STDBOOL_H 1
| #define HAVE_STDINT_H 1
| #define HAVE_INTTYPES_H 1
| #define HAVE_GETOPT_H 1
| #define HAVE_STRINGS_H 1
| #define HAVE_SYS_TIME_H 1
| #define HAVE_SYS_SOCKET_H 1
| #define HAVE_NET_IF_H 1
| /* end confdefs.h.  */
| #include <stdio.h>
|           #define a(b,c...) printf(b,##c)
| int
| main ()
| {
| a("foo");a("%s","bar");a("%s%s","baz","quux");
|   ;
|   return 0;
| }
configure:11901: result: no
configure:12045: creating ./config.status

## ---------------------- ##
## Running config.status. ##
## ---------------------- ##

This file was extended by libdvbpsi config.status 1.1.2, which was
generated by GNU Autoconf 2.68.  Invocation command line was

  CONFIG_FILES    = 
  CONFIG_HEADERS  = 
  CONFIG_LINKS    = 
  CONFIG_COMMANDS = 
  $ ./config.status 

on chevy

config.status:1113: creating Makefile
config.status:1113: creating src/Makefile
config.status:1113: creating examples/Makefile
config.status:1113: creating examples/dvbinfo/Makefile
config.status:1113: creating misc/Makefile
config.status:1113: creating doc/Makefile
config.status:1113: creating wince/Makefile
config.status:1113: creating libdvbpsi.pc
config.status:1113: creating libdvbpsi.spec
config.status:1113: creating config.h
config.status:1342: executing depfiles commands
config.status:1342: executing libtool commands

## ---------------- ##
## Cache variables. ##
## ---------------- ##

ac_cv_build=x86_64-unknown-linux-gnu
ac_cv_c_compiler_gnu=yes
ac_cv_c_inline=inline
ac_cv_cpp_variadic_macros=no
ac_cv_env_CC_set=
ac_cv_env_CC_value=
ac_cv_env_CFLAGS_set=
ac_cv_env_CFLAGS_value=
ac_cv_env_CPPFLAGS_set=
ac_cv_env_CPPFLAGS_value=
ac_cv_env_CPP_set=
ac_cv_env_CPP_value=
ac_cv_env_LDFLAGS_set=
ac_cv_env_LDFLAGS_value=
ac_cv_env_LIBS_set=
ac_cv_env_LIBS_value=
ac_cv_env_build_alias_set=
ac_cv_env_build_alias_value=
ac_cv_env_host_alias_set=
ac_cv_env_host_alias_value=
ac_cv_env_target_alias_set=
ac_cv_env_target_alias_value=
ac_cv_header_dlfcn_h=yes
ac_cv_header_getopt_h=yes
ac_cv_header_inttypes_h=yes
ac_cv_header_memory_h=yes
ac_cv_header_net_if_h=yes
ac_cv_header_stdbool_h=yes
ac_cv_header_stdc=yes
ac_cv_header_stdint_h=yes
ac_cv_header_stdlib_h=yes
ac_cv_header_string_h=yes
ac_cv_header_strings_h=yes
ac_cv_header_sys_socket_h=yes
ac_cv_header_sys_stat_h=yes
ac_cv_header_sys_time_h=yes
ac_cv_header_sys_types_h=yes
ac_cv_header_unistd_h=yes
ac_cv_host=x86_64-unknown-linux-gnu
ac_cv_objext=o
ac_cv_path_EGREP='/bin/grep -E'
ac_cv_path_FGREP='/bin/grep -F'
ac_cv_path_GREP=/bin/grep
ac_cv_path_SED=/bin/sed
ac_cv_path_install='/usr/bin/install -c'
ac_cv_path_mkdir=/bin/mkdir
ac_cv_prog_AWK=gawk
ac_cv_prog_CPP='gcc -E'
ac_cv_prog_ac_ct_AR=ar
ac_cv_prog_ac_ct_CC=gcc
ac_cv_prog_ac_ct_DLLTOOL=dlltool
ac_cv_prog_ac_ct_MANIFEST_TOOL=mt
ac_cv_prog_ac_ct_OBJDUMP=objdump
ac_cv_prog_ac_ct_RANLIB=ranlib
ac_cv_prog_ac_ct_STRIP=strip
ac_cv_prog_cc_c89=
ac_cv_prog_cc_g=yes
ac_cv_prog_cc_gcc_c_o=yes
ac_cv_prog_make_make_set=yes
ac_cv_target=x86_64-unknown-linux-gnu
am_cv_CC_dependencies_compiler_type=gcc3
lt_cv_ar_at_file=@
lt_cv_archive_cmds_need_lc=no
lt_cv_deplibs_check_method=pass_all
lt_cv_file_magic_cmd='$MAGIC_CMD'
lt_cv_file_magic_test_file=
lt_cv_ld_reload_flag=-r
lt_cv_nm_interface='BSD nm'
lt_cv_objdir=.libs
lt_cv_path_LD=/usr/bin/ld
lt_cv_path_NM='/usr/bin/nm -B'
lt_cv_path_mainfest_tool=no
lt_cv_prog_compiler_c_o=yes
lt_cv_prog_compiler_pic='-fPIC -DPIC'
lt_cv_prog_compiler_pic_works=yes
lt_cv_prog_compiler_rtti_exceptions=no
lt_cv_prog_compiler_static_works=yes
lt_cv_prog_gnu_ld=yes
lt_cv_sharedlib_from_linklib_cmd='printf %s\n'
lt_cv_shlibpath_overrides_runpath=no
lt_cv_sys_global_symbol_pipe='sed -n -e '\''s/^.*[	 ]\([ABCDGIRSTW][ABCDGIRSTW]*\)[	 ][	 ]*\([_A-Za-z][_A-Za-z0-9]*\)$/\1 \2 \2/p'\'' | sed '\''/ __gnu_lto/d'\'''
lt_cv_sys_global_symbol_to_c_name_address='sed -n -e '\''s/^: \([^ ]*\)[ ]*$/  {\"\1\", (void *) 0},/p'\'' -e '\''s/^[ABCDGIRSTW]* \([^ ]*\) \([^ ]*\)$/  {"\2", (void *) \&\2},/p'\'''
lt_cv_sys_global_symbol_to_c_name_address_lib_prefix='sed -n -e '\''s/^: \([^ ]*\)[ ]*$/  {\"\1\", (void *) 0},/p'\'' -e '\''s/^[ABCDGIRSTW]* \([^ ]*\) \(lib[^ ]*\)$/  {"\2", (void *) \&\2},/p'\'' -e '\''s/^[ABCDGIRSTW]* \([^ ]*\) \([^ ]*\)$/  {"lib\2", (void *) \&\2},/p'\'''
lt_cv_sys_global_symbol_to_cdecl='sed -n -e '\''s/^T .* \(.*\)$/extern int \1();/p'\'' -e '\''s/^[ABCDGIRSTW]* .* \(.*\)$/extern char \1;/p'\'''
lt_cv_sys_max_cmd_len=1572864
lt_cv_to_host_file_cmd=func_convert_file_noop
lt_cv_to_tool_file_cmd=func_convert_file_noop

## ----------------- ##
## Output variables. ##
## ----------------- ##

ACLOCAL='${SHELL} /home/chevy/dvb/libdvbpsi-1.1.2/.auto/missing --run aclocal-1.11'
AMDEPBACKSLASH='\'
AMDEP_FALSE='#'
AMDEP_TRUE=''
AMTAR='$${TAR-tar}'
AR='ar'
AS='as'
AUTOCONF='${SHELL} /home/chevy/dvb/libdvbpsi-1.1.2/.auto/missing --run autoconf'
AUTOHEADER='${SHELL} /home/chevy/dvb/libdvbpsi-1.1.2/.auto/missing --run autoheader'
AUTOMAKE='${SHELL} /home/chevy/dvb/libdvbpsi-1.1.2/.auto/missing --run automake-1.11'
AWK='gawk'
CC='gcc'
CCDEPMODE='depmode=gcc3'
CFLAGS='-g -O2 -Wall -Werror --std=gnu99 -D_GNU_SOURCE -Wpointer-arith -Wcast-align -Wcast-qual -Wstrict-prototypes -Wshadow -Waggregate-return -Wmissing-prototypes -Wnested-externs -Wsign-compare -DDVBPSI_DIST'
CPP='gcc -E'
CPPFLAGS=''
CYGPATH_W='echo'
DEFS='-DHAVE_CONFIG_H'
DEPDIR='.deps'
DLLTOOL='dlltool'
DSYMUTIL=''
DUMPBIN=''
ECHO_C=''
ECHO_N='-n'
ECHO_T=''
EGREP='/bin/grep -E'
EXEEXT=''
FGREP='/bin/grep -F'
GREP='/bin/grep'
HAVE_SYS_SOCKET_H_FALSE='#'
HAVE_SYS_SOCKET_H_TRUE=''
INSTALL_DATA='${INSTALL} -m 644'
INSTALL_PROGRAM='${INSTALL}'
INSTALL_SCRIPT='${INSTALL}'
INSTALL_STRIP_PROGRAM='$(install_sh) -c -s'
LD='/usr/bin/ld -m elf_x86_64'
LDFLAGS=''
LIBOBJS=''
LIBS=''
LIBTOOL='$(SHELL) $(top_builddir)/libtool'
LIPO=''
LN_S='ln -s'
LTLIBOBJS=''
MAKEINFO='${SHELL} /home/chevy/dvb/libdvbpsi-1.1.2/.auto/missing --run makeinfo'
MANIFEST_TOOL=':'
MKDIR_P='/bin/mkdir -p'
NM='/usr/bin/nm -B'
NMEDIT=''
OBJDUMP='objdump'
OBJEXT='o'
OTOOL64=''
OTOOL=''
PACKAGE='libdvbpsi'
PACKAGE_BUGREPORT=''
PACKAGE_NAME='libdvbpsi'
PACKAGE_STRING='libdvbpsi 1.1.2'
PACKAGE_TARNAME='libdvbpsi'
PACKAGE_URL=''
PACKAGE_VERSION='1.1.2'
PATH_SEPARATOR=':'
RANLIB='ranlib'
SED='/bin/sed'
SET_MAKE=''
SHELL='/bin/bash'
STRIP='strip'
VERSION='1.1.2'
ac_ct_AR='ar'
ac_ct_CC='gcc'
ac_ct_DUMPBIN=''
am__EXEEXT_FALSE=''
am__EXEEXT_TRUE='#'
am__fastdepCC_FALSE='#'
am__fastdepCC_TRUE=''
am__include='include'
am__isrc=''
am__leading_dot='.'
am__nodep='_no'
am__quote=''
am__tar='$${TAR-tar} chof - "$$tardir"'
am__untar='$${TAR-tar} xf -'
bindir='${exec_prefix}/bin'
build='x86_64-unknown-linux-gnu'
build_alias=''
build_cpu='x86_64'
build_os='linux-gnu'
build_vendor='unknown'
datadir='${datarootdir}'
datarootdir='${prefix}/share'
docdir='${datarootdir}/doc/${PACKAGE_TARNAME}'
dvidir='${docdir}'
exec_prefix='${prefix}'
host='x86_64-unknown-linux-gnu'
host_alias=''
host_cpu='x86_64'
host_os='linux-gnu'
host_vendor='unknown'
htmldir='${docdir}'
includedir='${prefix}/include'
infodir='${datarootdir}/info'
install_sh='${SHELL} /home/chevy/dvb/libdvbpsi-1.1.2/.auto/install-sh'
libdir='${exec_prefix}/lib'
libexecdir='${exec_prefix}/libexec'
localedir='${datarootdir}/locale'
localstatedir='${prefix}/var'
mandir='${datarootdir}/man'
mkdir_p='/bin/mkdir -p'
oldincludedir='/usr/include'
pdfdir='${docdir}'
prefix='/usr/local'
program_transform_name='s,x,x,'
psdir='${docdir}'
sbindir='${exec_prefix}/sbin'
sharedstatedir='${prefix}/com'
sysconfdir='${prefix}/etc'
target='x86_64-unknown-linux-gnu'
target_alias=''
target_cpu='x86_64'
target_os='linux-gnu'
target_vendor='unknown'

## ----------- ##
## confdefs.h. ##
## ----------- ##

/* confdefs.h */
#define PACKAGE_NAME "libdvbpsi"
#define PACKAGE_TARNAME "libdvbpsi"
#define PACKAGE_VERSION "1.1.2"
#define PACKAGE_STRING "libdvbpsi 1.1.2"
#define PACKAGE_BUGREPORT ""
#define PACKAGE_URL ""
#define PACKAGE "libdvbpsi"
#define VERSION "1.1.2"
#define STDC_HEADERS 1
#define HAVE_SYS_TYPES_H 1
#define HAVE_SYS_STAT_H 1
#define HAVE_STDLIB_H 1
#define HAVE_STRING_H 1
#define HAVE_MEMORY_H 1
#define HAVE_STRINGS_H 1
#define HAVE_INTTYPES_H 1
#define HAVE_STDINT_H 1
#define HAVE_UNISTD_H 1
#define HAVE_DLFCN_H 1
#define LT_OBJDIR ".libs/"
#define HAVE_STDBOOL_H 1
#define HAVE_STDINT_H 1
#define HAVE_INTTYPES_H 1
#define HAVE_GETOPT_H 1
#define HAVE_STRINGS_H 1
#define HAVE_SYS_TIME_H 1
#define HAVE_SYS_SOCKET_H 1
#define HAVE_NET_IF_H 1

configure: exit 0

## ---------------------- ##
## Running config.status. ##
## ---------------------- ##

This file was extended by libdvbpsi config.status 1.1.2, which was
generated by GNU Autoconf 2.68.  Invocation command line was

  CONFIG_FILES    = 
  CONFIG_HEADERS  = 
  CONFIG_LINKS    = 
  CONFIG_COMMANDS = 
  $ ./config.status config.h

on chevy

config.status:1113: creating config.h
config.status:1294: config.h is unchanged
