make  all-recursive
make[1]: Entering directory `/home/chevy/dvb/libdvbpsi-1.1.2'
Making all in src
make[2]: Entering directory `/home/chevy/dvb/libdvbpsi-1.1.2/src'
/bin/bash ../libtool --tag=CC   --mode=compile gcc -DHAVE_CONFIG_H -I. -I..     -g -O2 -Wall -Werror --std=gnu99 -D_GNU_SOURCE -Wpointer-arith -Wcast-align -Wcast-qual -Wstrict-prototypes -Wshadow -Waggregate-return -Wmissing-prototypes -Wnested-externs -Wsign-compare -DDVBPSI_DIST -MT dvbpsi.lo -MD -MP -MF .deps/dvbpsi.Tpo -c -o dvbpsi.lo dvbpsi.c
libtool: compile:  gcc -DHAVE_CONFIG_H -I. -I.. -g -O2 -Wall -Werror --std=gnu99 -D_GNU_SOURCE -Wpointer-arith -Wcast-align -Wcast-qual -Wstrict-prototypes -Wshadow -Waggregate-return -Wmissing-prototypes -Wnested-externs -Wsign-compare -DDVBPSI_DIST -MT dvbpsi.lo -MD -MP -MF .deps/dvbpsi.Tpo -c dvbpsi.c  -fPIC -DPIC -o .libs/dvbpsi.o
libtool: compile:  gcc -DHAVE_CONFIG_H -I. -I.. -g -O2 -Wall -Werror --std=gnu99 -D_GNU_SOURCE -Wpointer-arith -Wcast-align -Wcast-qual -Wstrict-prototypes -Wshadow -Waggregate-return -Wmissing-prototypes -Wnested-externs -Wsign-compare -DDVBPSI_DIST -MT dvbpsi.lo -MD -MP -MF .deps/dvbpsi.Tpo -c dvbpsi.c -o dvbpsi.o >/dev/null 2>&1
mv -f .deps/dvbpsi.Tpo .deps/dvbpsi.Plo
/bin/bash ../libtool --tag=CC   --mode=compile gcc -DHAVE_CONFIG_H -I. -I..     -g -O2 -Wall -Werror --std=gnu99 -D_GNU_SOURCE -Wpointer-arith -Wcast-align -Wcast-qual -Wstrict-prototypes -Wshadow -Waggregate-return -Wmissing-prototypes -Wnested-externs -Wsign-compare -DDVBPSI_DIST -MT psi.lo -MD -MP -MF .deps/psi.Tpo -c -o psi.lo psi.c
libtool: compile:  gcc -DHAVE_CONFIG_H -I. -I.. -g -O2 -Wall -Werror --std=gnu99 -D_GNU_SOURCE -Wpointer-arith -Wcast-align -Wcast-qual -Wstrict-prototypes -Wshadow -Waggregate-return -Wmissing-prototypes -Wnested-externs -Wsign-compare -DDVBPSI_DIST -MT psi.lo -MD -MP -MF .deps/psi.Tpo -c psi.c  -fPIC -DPIC -o .libs/psi.o
libtool: compile:  gcc -DHAVE_CONFIG_H -I. -I.. -g -O2 -Wall -Werror --std=gnu99 -D_GNU_SOURCE -Wpointer-arith -Wcast-align -Wcast-qual -Wstrict-prototypes -Wshadow -Waggregate-return -Wmissing-prototypes -Wnested-externs -Wsign-compare -DDVBPSI_DIST -MT psi.lo -MD -MP -MF .deps/psi.Tpo -c psi.c -o psi.o >/dev/null 2>&1
mv -f .deps/psi.Tpo .deps/psi.Plo
/bin/bash ../libtool --tag=CC   --mode=compile gcc -DHAVE_CONFIG_H -I. -I..     -g -O2 -Wall -Werror --std=gnu99 -D_GNU_SOURCE -Wpointer-arith -Wcast-align -Wcast-qual -Wstrict-prototypes -Wshadow -Waggregate-return -Wmissing-prototypes -Wnested-externs -Wsign-compare -DDVBPSI_DIST -MT demux.lo -MD -MP -MF .deps/demux.Tpo -c -o demux.lo demux.c
libtool: compile:  gcc -DHAVE_CONFIG_H -I. -I.. -g -O2 -Wall -Werror --std=gnu99 -D_GNU_SOURCE -Wpointer-arith -Wcast-align -Wcast-qual -Wstrict-prototypes -Wshadow -Waggregate-return -Wmissing-prototypes -Wnested-externs -Wsign-compare -DDVBPSI_DIST -MT demux.lo -MD -MP -MF .deps/demux.Tpo -c demux.c  -fPIC -DPIC -o .libs/demux.o
libtool: compile:  gcc -DHAVE_CONFIG_H -I. -I.. -g -O2 -Wall -Werror --std=gnu99 -D_GNU_SOURCE -Wpointer-arith -Wcast-align -Wcast-qual -Wstrict-prototypes -Wshadow -Waggregate-return -Wmissing-prototypes -Wnested-externs -Wsign-compare -DDVBPSI_DIST -MT demux.lo -MD -MP -MF .deps/demux.Tpo -c demux.c -o demux.o >/dev/null 2>&1
mv -f .deps/demux.Tpo .deps/demux.Plo
/bin/bash ../libtool --tag=CC   --mode=compile gcc -DHAVE_CONFIG_H -I. -I..     -g -O2 -Wall -Werror --std=gnu99 -D_GNU_SOURCE -Wpointer-arith -Wcast-align -Wcast-qual -Wstrict-prototypes -Wshadow -Waggregate-return -Wmissing-prototypes -Wnested-externs -Wsign-compare -DDVBPSI_DIST -MT descriptor.lo -MD -MP -MF .deps/descriptor.Tpo -c -o descriptor.lo descriptor.c
libtool: compile:  gcc -DHAVE_CONFIG_H -I. -I.. -g -O2 -Wall -Werror --std=gnu99 -D_GNU_SOURCE -Wpointer-arith -Wcast-align -Wcast-qual -Wstrict-prototypes -Wshadow -Waggregate-return -Wmissing-prototypes -Wnested-externs -Wsign-compare -DDVBPSI_DIST -MT descriptor.lo -MD -MP -MF .deps/descriptor.Tpo -c descriptor.c  -fPIC -DPIC -o .libs/descriptor.o
libtool: compile:  gcc -DHAVE_CONFIG_H -I. -I.. -g -O2 -Wall -Werror --std=gnu99 -D_GNU_SOURCE -Wpointer-arith -Wcast-align -Wcast-qual -Wstrict-prototypes -Wshadow -Waggregate-return -Wmissing-prototypes -Wnested-externs -Wsign-compare -DDVBPSI_DIST -MT descriptor.lo -MD -MP -MF .deps/descriptor.Tpo -c descriptor.c -o descriptor.o >/dev/null 2>&1
mv -f .deps/descriptor.Tpo .deps/descriptor.Plo
/bin/bash ../libtool  --tag=CC   --mode=compile gcc -DHAVE_CONFIG_H -I. -I..     -g -O2 -Wall -Werror --std=gnu99 -D_GNU_SOURCE -Wpointer-arith -Wcast-align -Wcast-qual -Wstrict-prototypes -Wshadow -Waggregate-return -Wmissing-prototypes -Wnested-externs -Wsign-compare -DDVBPSI_DIST -MT pat.lo -MD -MP -MF .deps/pat.Tpo -c -o pat.lo `test -f 'tables/pat.c' || echo './'`tables/pat.c
libtool: compile:  gcc -DHAVE_CONFIG_H -I. -I.. -g -O2 -Wall -Werror --std=gnu99 -D_GNU_SOURCE -Wpointer-arith -Wcast-align -Wcast-qual -Wstrict-prototypes -Wshadow -Waggregate-return -Wmissing-prototypes -Wnested-externs -Wsign-compare -DDVBPSI_DIST -MT pat.lo -MD -MP -MF .deps/pat.Tpo -c tables/pat.c  -fPIC -DPIC -o .libs/pat.o
libtool: compile:  gcc -DHAVE_CONFIG_H -I. -I.. -g -O2 -Wall -Werror --std=gnu99 -D_GNU_SOURCE -Wpointer-arith -Wcast-align -Wcast-qual -Wstrict-prototypes -Wshadow -Waggregate-return -Wmissing-prototypes -Wnested-externs -Wsign-compare -DDVBPSI_DIST -MT pat.lo -MD -MP -MF .deps/pat.Tpo -c tables/pat.c -o pat.o >/dev/null 2>&1
mv -f .deps/pat.Tpo .deps/pat.Plo
/bin/bash ../libtool  --tag=CC   --mode=compile gcc -DHAVE_CONFIG_H -I. -I..     -g -O2 -Wall -Werror --std=gnu99 -D_GNU_SOURCE -Wpointer-arith -Wcast-align -Wcast-qual -Wstrict-prototypes -Wshadow -Waggregate-return -Wmissing-prototypes -Wnested-externs -Wsign-compare -DDVBPSI_DIST -MT pmt.lo -MD -MP -MF .deps/pmt.Tpo -c -o pmt.lo `test -f 'tables/pmt.c' || echo './'`tables/pmt.c
libtool: compile:  gcc -DHAVE_CONFIG_H -I. -I.. -g -O2 -Wall -Werror --std=gnu99 -D_GNU_SOURCE -Wpointer-arith -Wcast-align -Wcast-qual -Wstrict-prototypes -Wshadow -Waggregate-return -Wmissing-prototypes -Wnested-externs -Wsign-compare -DDVBPSI_DIST -MT pmt.lo -MD -MP -MF .deps/pmt.Tpo -c tables/pmt.c  -fPIC -DPIC -o .libs/pmt.o
libtool: compile:  gcc -DHAVE_CONFIG_H -I. -I.. -g -O2 -Wall -Werror --std=gnu99 -D_GNU_SOURCE -Wpointer-arith -Wcast-align -Wcast-qual -Wstrict-prototypes -Wshadow -Waggregate-return -Wmissing-prototypes -Wnested-externs -Wsign-compare -DDVBPSI_DIST -MT pmt.lo -MD -MP -MF .deps/pmt.Tpo -c tables/pmt.c -o pmt.o >/dev/null 2>&1
mv -f .deps/pmt.Tpo .deps/pmt.Plo
/bin/bash ../libtool  --tag=CC   --mode=compile gcc -DHAVE_CONFIG_H -I. -I..     -g -O2 -Wall -Werror --std=gnu99 -D_GNU_SOURCE -Wpointer-arith -Wcast-align -Wcast-qual -Wstrict-prototypes -Wshadow -Waggregate-return -Wmissing-prototypes -Wnested-externs -Wsign-compare -DDVBPSI_DIST -MT sdt.lo -MD -MP -MF .deps/sdt.Tpo -c -o sdt.lo `test -f 'tables/sdt.c' || echo './'`tables/sdt.c
libtool: compile:  gcc -DHAVE_CONFIG_H -I. -I.. -g -O2 -Wall -Werror --std=gnu99 -D_GNU_SOURCE -Wpointer-arith -Wcast-align -Wcast-qual -Wstrict-prototypes -Wshadow -Waggregate-return -Wmissing-prototypes -Wnested-externs -Wsign-compare -DDVBPSI_DIST -MT sdt.lo -MD -MP -MF .deps/sdt.Tpo -c tables/sdt.c  -fPIC -DPIC -o .libs/sdt.o
libtool: compile:  gcc -DHAVE_CONFIG_H -I. -I.. -g -O2 -Wall -Werror --std=gnu99 -D_GNU_SOURCE -Wpointer-arith -Wcast-align -Wcast-qual -Wstrict-prototypes -Wshadow -Waggregate-return -Wmissing-prototypes -Wnested-externs -Wsign-compare -DDVBPSI_DIST -MT sdt.lo -MD -MP -MF .deps/sdt.Tpo -c tables/sdt.c -o sdt.o >/dev/null 2>&1
mv -f .deps/sdt.Tpo .deps/sdt.Plo
/bin/bash ../libtool  --tag=CC   --mode=compile gcc -DHAVE_CONFIG_H -I. -I..     -g -O2 -Wall -Werror --std=gnu99 -D_GNU_SOURCE -Wpointer-arith -Wcast-align -Wcast-qual -Wstrict-prototypes -Wshadow -Waggregate-return -Wmissing-prototypes -Wnested-externs -Wsign-compare -DDVBPSI_DIST -MT eit.lo -MD -MP -MF .deps/eit.Tpo -c -o eit.lo `test -f 'tables/eit.c' || echo './'`tables/eit.c
libtool: compile:  gcc -DHAVE_CONFIG_H -I. -I.. -g -O2 -Wall -Werror --std=gnu99 -D_GNU_SOURCE -Wpointer-arith -Wcast-align -Wcast-qual -Wstrict-prototypes -Wshadow -Waggregate-return -Wmissing-prototypes -Wnested-externs -Wsign-compare -DDVBPSI_DIST -MT eit.lo -MD -MP -MF .deps/eit.Tpo -c tables/eit.c  -fPIC -DPIC -o .libs/eit.o
libtool: compile:  gcc -DHAVE_CONFIG_H -I. -I.. -g -O2 -Wall -Werror --std=gnu99 -D_GNU_SOURCE -Wpointer-arith -Wcast-align -Wcast-qual -Wstrict-prototypes -Wshadow -Waggregate-return -Wmissing-prototypes -Wnested-externs -Wsign-compare -DDVBPSI_DIST -MT eit.lo -MD -MP -MF .deps/eit.Tpo -c tables/eit.c -o eit.o >/dev/null 2>&1
mv -f .deps/eit.Tpo .deps/eit.Plo
/bin/bash ../libtool  --tag=CC   --mode=compile gcc -DHAVE_CONFIG_H -I. -I..     -g -O2 -Wall -Werror --std=gnu99 -D_GNU_SOURCE -Wpointer-arith -Wcast-align -Wcast-qual -Wstrict-prototypes -Wshadow -Waggregate-return -Wmissing-prototypes -Wnested-externs -Wsign-compare -DDVBPSI_DIST -MT cat.lo -MD -MP -MF .deps/cat.Tpo -c -o cat.lo `test -f 'tables/cat.c' || echo './'`tables/cat.c
libtool: compile:  gcc -DHAVE_CONFIG_H -I. -I.. -g -O2 -Wall -Werror --std=gnu99 -D_GNU_SOURCE -Wpointer-arith -Wcast-align -Wcast-qual -Wstrict-prototypes -Wshadow -Waggregate-return -Wmissing-prototypes -Wnested-externs -Wsign-compare -DDVBPSI_DIST -MT cat.lo -MD -MP -MF .deps/cat.Tpo -c tables/cat.c  -fPIC -DPIC -o .libs/cat.o
libtool: compile:  gcc -DHAVE_CONFIG_H -I. -I.. -g -O2 -Wall -Werror --std=gnu99 -D_GNU_SOURCE -Wpointer-arith -Wcast-align -Wcast-qual -Wstrict-prototypes -Wshadow -Waggregate-return -Wmissing-prototypes -Wnested-externs -Wsign-compare -DDVBPSI_DIST -MT cat.lo -MD -MP -MF .deps/cat.Tpo -c tables/cat.c -o cat.o >/dev/null 2>&1
mv -f .deps/cat.Tpo .deps/cat.Plo
/bin/bash ../libtool  --tag=CC   --mode=compile gcc -DHAVE_CONFIG_H -I. -I..     -g -O2 -Wall -Werror --std=gnu99 -D_GNU_SOURCE -Wpointer-arith -Wcast-align -Wcast-qual -Wstrict-prototypes -Wshadow -Waggregate-return -Wmissing-prototypes -Wnested-externs -Wsign-compare -DDVBPSI_DIST -MT nit.lo -MD -MP -MF .deps/nit.Tpo -c -o nit.lo `test -f 'tables/nit.c' || echo './'`tables/nit.c
libtool: compile:  gcc -DHAVE_CONFIG_H -I. -I.. -g -O2 -Wall -Werror --std=gnu99 -D_GNU_SOURCE -Wpointer-arith -Wcast-align -Wcast-qual -Wstrict-prototypes -Wshadow -Waggregate-return -Wmissing-prototypes -Wnested-externs -Wsign-compare -DDVBPSI_DIST -MT nit.lo -MD -MP -MF .deps/nit.Tpo -c tables/nit.c  -fPIC -DPIC -o .libs/nit.o
libtool: compile:  gcc -DHAVE_CONFIG_H -I. -I.. -g -O2 -Wall -Werror --std=gnu99 -D_GNU_SOURCE -Wpointer-arith -Wcast-align -Wcast-qual -Wstrict-prototypes -Wshadow -Waggregate-return -Wmissing-prototypes -Wnested-externs -Wsign-compare -DDVBPSI_DIST -MT nit.lo -MD -MP -MF .deps/nit.Tpo -c tables/nit.c -o nit.o >/dev/null 2>&1
mv -f .deps/nit.Tpo .deps/nit.Plo
/bin/bash ../libtool  --tag=CC   --mode=compile gcc -DHAVE_CONFIG_H -I. -I..     -g -O2 -Wall -Werror --std=gnu99 -D_GNU_SOURCE -Wpointer-arith -Wcast-align -Wcast-qual -Wstrict-prototypes -Wshadow -Waggregate-return -Wmissing-prototypes -Wnested-externs -Wsign-compare -DDVBPSI_DIST -MT tot.lo -MD -MP -MF .deps/tot.Tpo -c -o tot.lo `test -f 'tables/tot.c' || echo './'`tables/tot.c
libtool: compile:  gcc -DHAVE_CONFIG_H -I. -I.. -g -O2 -Wall -Werror --std=gnu99 -D_GNU_SOURCE -Wpointer-arith -Wcast-align -Wcast-qual -Wstrict-prototypes -Wshadow -Waggregate-return -Wmissing-prototypes -Wnested-externs -Wsign-compare -DDVBPSI_DIST -MT tot.lo -MD -MP -MF .deps/tot.Tpo -c tables/tot.c  -fPIC -DPIC -o .libs/tot.o
libtool: compile:  gcc -DHAVE_CONFIG_H -I. -I.. -g -O2 -Wall -Werror --std=gnu99 -D_GNU_SOURCE -Wpointer-arith -Wcast-align -Wcast-qual -Wstrict-prototypes -Wshadow -Waggregate-return -Wmissing-prototypes -Wnested-externs -Wsign-compare -DDVBPSI_DIST -MT tot.lo -MD -MP -MF .deps/tot.Tpo -c tables/tot.c -o tot.o >/dev/null 2>&1
mv -f .deps/tot.Tpo .deps/tot.Plo
/bin/bash ../libtool  --tag=CC   --mode=compile gcc -DHAVE_CONFIG_H -I. -I..     -g -O2 -Wall -Werror --std=gnu99 -D_GNU_SOURCE -Wpointer-arith -Wcast-align -Wcast-qual -Wstrict-prototypes -Wshadow -Waggregate-return -Wmissing-prototypes -Wnested-externs -Wsign-compare -DDVBPSI_DIST -MT sis.lo -MD -MP -MF .deps/sis.Tpo -c -o sis.lo `test -f 'tables/sis.c' || echo './'`tables/sis.c
libtool: compile:  gcc -DHAVE_CONFIG_H -I. -I.. -g -O2 -Wall -Werror --std=gnu99 -D_GNU_SOURCE -Wpointer-arith -Wcast-align -Wcast-qual -Wstrict-prototypes -Wshadow -Waggregate-return -Wmissing-prototypes -Wnested-externs -Wsign-compare -DDVBPSI_DIST -MT sis.lo -MD -MP -MF .deps/sis.Tpo -c tables/sis.c  -fPIC -DPIC -o .libs/sis.o
libtool: compile:  gcc -DHAVE_CONFIG_H -I. -I.. -g -O2 -Wall -Werror --std=gnu99 -D_GNU_SOURCE -Wpointer-arith -Wcast-align -Wcast-qual -Wstrict-prototypes -Wshadow -Waggregate-return -Wmissing-prototypes -Wnested-externs -Wsign-compare -DDVBPSI_DIST -MT sis.lo -MD -MP -MF .deps/sis.Tpo -c tables/sis.c -o sis.o >/dev/null 2>&1
mv -f .deps/sis.Tpo .deps/sis.Plo
/bin/bash ../libtool  --tag=CC   --mode=compile gcc -DHAVE_CONFIG_H -I. -I..     -g -O2 -Wall -Werror --std=gnu99 -D_GNU_SOURCE -Wpointer-arith -Wcast-align -Wcast-qual -Wstrict-prototypes -Wshadow -Waggregate-return -Wmissing-prototypes -Wnested-externs -Wsign-compare -DDVBPSI_DIST -MT bat.lo -MD -MP -MF .deps/bat.Tpo -c -o bat.lo `test -f 'tables/bat.c' || echo './'`tables/bat.c
libtool: compile:  gcc -DHAVE_CONFIG_H -I. -I.. -g -O2 -Wall -Werror --std=gnu99 -D_GNU_SOURCE -Wpointer-arith -Wcast-align -Wcast-qual -Wstrict-prototypes -Wshadow -Waggregate-return -Wmissing-prototypes -Wnested-externs -Wsign-compare -DDVBPSI_DIST -MT bat.lo -MD -MP -MF .deps/bat.Tpo -c tables/bat.c  -fPIC -DPIC -o .libs/bat.o
libtool: compile:  gcc -DHAVE_CONFIG_H -I. -I.. -g -O2 -Wall -Werror --std=gnu99 -D_GNU_SOURCE -Wpointer-arith -Wcast-align -Wcast-qual -Wstrict-prototypes -Wshadow -Waggregate-return -Wmissing-prototypes -Wnested-externs -Wsign-compare -DDVBPSI_DIST -MT bat.lo -MD -MP -MF .deps/bat.Tpo -c tables/bat.c -o bat.o >/dev/null 2>&1
mv -f .deps/bat.Tpo .deps/bat.Plo
/bin/bash ../libtool  --tag=CC   --mode=compile gcc -DHAVE_CONFIG_H -I. -I..     -g -O2 -Wall -Werror --std=gnu99 -D_GNU_SOURCE -Wpointer-arith -Wcast-align -Wcast-qual -Wstrict-prototypes -Wshadow -Waggregate-return -Wmissing-prototypes -Wnested-externs -Wsign-compare -DDVBPSI_DIST -MT rst.lo -MD -MP -MF .deps/rst.Tpo -c -o rst.lo `test -f 'tables/rst.c' || echo './'`tables/rst.c
libtool: compile:  gcc -DHAVE_CONFIG_H -I. -I.. -g -O2 -Wall -Werror --std=gnu99 -D_GNU_SOURCE -Wpointer-arith -Wcast-align -Wcast-qual -Wstrict-prototypes -Wshadow -Waggregate-return -Wmissing-prototypes -Wnested-externs -Wsign-compare -DDVBPSI_DIST -MT rst.lo -MD -MP -MF .deps/rst.Tpo -c tables/rst.c  -fPIC -DPIC -o .libs/rst.o
libtool: compile:  gcc -DHAVE_CONFIG_H -I. -I.. -g -O2 -Wall -Werror --std=gnu99 -D_GNU_SOURCE -Wpointer-arith -Wcast-align -Wcast-qual -Wstrict-prototypes -Wshadow -Waggregate-return -Wmissing-prototypes -Wnested-externs -Wsign-compare -DDVBPSI_DIST -MT rst.lo -MD -MP -MF .deps/rst.Tpo -c tables/rst.c -o rst.o >/dev/null 2>&1
mv -f .deps/rst.Tpo .deps/rst.Plo
/bin/bash ../libtool  --tag=CC   --mode=compile gcc -DHAVE_CONFIG_H -I. -I..     -g -O2 -Wall -Werror --std=gnu99 -D_GNU_SOURCE -Wpointer-arith -Wcast-align -Wcast-qual -Wstrict-prototypes -Wshadow -Waggregate-return -Wmissing-prototypes -Wnested-externs -Wsign-compare -DDVBPSI_DIST -MT atsc_vct.lo -MD -MP -MF .deps/atsc_vct.Tpo -c -o atsc_vct.lo `test -f 'tables/atsc_vct.c' || echo './'`tables/atsc_vct.c
libtool: compile:  gcc -DHAVE_CONFIG_H -I. -I.. -g -O2 -Wall -Werror --std=gnu99 -D_GNU_SOURCE -Wpointer-arith -Wcast-align -Wcast-qual -Wstrict-prototypes -Wshadow -Waggregate-return -Wmissing-prototypes -Wnested-externs -Wsign-compare -DDVBPSI_DIST -MT atsc_vct.lo -MD -MP -MF .deps/atsc_vct.Tpo -c tables/atsc_vct.c  -fPIC -DPIC -o .libs/atsc_vct.o
libtool: compile:  gcc -DHAVE_CONFIG_H -I. -I.. -g -O2 -Wall -Werror --std=gnu99 -D_GNU_SOURCE -Wpointer-arith -Wcast-align -Wcast-qual -Wstrict-prototypes -Wshadow -Waggregate-return -Wmissing-prototypes -Wnested-externs -Wsign-compare -DDVBPSI_DIST -MT atsc_vct.lo -MD -MP -MF .deps/atsc_vct.Tpo -c tables/atsc_vct.c -o atsc_vct.o >/dev/null 2>&1
mv -f .deps/atsc_vct.Tpo .deps/atsc_vct.Plo
/bin/bash ../libtool  --tag=CC   --mode=compile gcc -DHAVE_CONFIG_H -I. -I..     -g -O2 -Wall -Werror --std=gnu99 -D_GNU_SOURCE -Wpointer-arith -Wcast-align -Wcast-qual -Wstrict-prototypes -Wshadow -Waggregate-return -Wmissing-prototypes -Wnested-externs -Wsign-compare -DDVBPSI_DIST -MT atsc_stt.lo -MD -MP -MF .deps/atsc_stt.Tpo -c -o atsc_stt.lo `test -f 'tables/atsc_stt.c' || echo './'`tables/atsc_stt.c
libtool: compile:  gcc -DHAVE_CONFIG_H -I. -I.. -g -O2 -Wall -Werror --std=gnu99 -D_GNU_SOURCE -Wpointer-arith -Wcast-align -Wcast-qual -Wstrict-prototypes -Wshadow -Waggregate-return -Wmissing-prototypes -Wnested-externs -Wsign-compare -DDVBPSI_DIST -MT atsc_stt.lo -MD -MP -MF .deps/atsc_stt.Tpo -c tables/atsc_stt.c  -fPIC -DPIC -o .libs/atsc_stt.o
libtool: compile:  gcc -DHAVE_CONFIG_H -I. -I.. -g -O2 -Wall -Werror --std=gnu99 -D_GNU_SOURCE -Wpointer-arith -Wcast-align -Wcast-qual -Wstrict-prototypes -Wshadow -Waggregate-return -Wmissing-prototypes -Wnested-externs -Wsign-compare -DDVBPSI_DIST -MT atsc_stt.lo -MD -MP -MF .deps/atsc_stt.Tpo -c tables/atsc_stt.c -o atsc_stt.o >/dev/null 2>&1
mv -f .deps/atsc_stt.Tpo .deps/atsc_stt.Plo
/bin/bash ../libtool  --tag=CC   --mode=compile gcc -DHAVE_CONFIG_H -I. -I..     -g -O2 -Wall -Werror --std=gnu99 -D_GNU_SOURCE -Wpointer-arith -Wcast-align -Wcast-qual -Wstrict-prototypes -Wshadow -Waggregate-return -Wmissing-prototypes -Wnested-externs -Wsign-compare -DDVBPSI_DIST -MT atsc_eit.lo -MD -MP -MF .deps/atsc_eit.Tpo -c -o atsc_eit.lo `test -f 'tables/atsc_eit.c' || echo './'`tables/atsc_eit.c
libtool: compile:  gcc -DHAVE_CONFIG_H -I. -I.. -g -O2 -Wall -Werror --std=gnu99 -D_GNU_SOURCE -Wpointer-arith -Wcast-align -Wcast-qual -Wstrict-prototypes -Wshadow -Waggregate-return -Wmissing-prototypes -Wnested-externs -Wsign-compare -DDVBPSI_DIST -MT atsc_eit.lo -MD -MP -MF .deps/atsc_eit.Tpo -c tables/atsc_eit.c  -fPIC -DPIC -o .libs/atsc_eit.o
libtool: compile:  gcc -DHAVE_CONFIG_H -I. -I.. -g -O2 -Wall -Werror --std=gnu99 -D_GNU_SOURCE -Wpointer-arith -Wcast-align -Wcast-qual -Wstrict-prototypes -Wshadow -Waggregate-return -Wmissing-prototypes -Wnested-externs -Wsign-compare -DDVBPSI_DIST -MT atsc_eit.lo -MD -MP -MF .deps/atsc_eit.Tpo -c tables/atsc_eit.c -o atsc_eit.o >/dev/null 2>&1
mv -f .deps/atsc_eit.Tpo .deps/atsc_eit.Plo
/bin/bash ../libtool  --tag=CC   --mode=compile gcc -DHAVE_CONFIG_H -I. -I..     -g -O2 -Wall -Werror --std=gnu99 -D_GNU_SOURCE -Wpointer-arith -Wcast-align -Wcast-qual -Wstrict-prototypes -Wshadow -Waggregate-return -Wmissing-prototypes -Wnested-externs -Wsign-compare -DDVBPSI_DIST -MT atsc_ett.lo -MD -MP -MF .deps/atsc_ett.Tpo -c -o atsc_ett.lo `test -f 'tables/atsc_ett.c' || echo './'`tables/atsc_ett.c
libtool: compile:  gcc -DHAVE_CONFIG_H -I. -I.. -g -O2 -Wall -Werror --std=gnu99 -D_GNU_SOURCE -Wpointer-arith -Wcast-align -Wcast-qual -Wstrict-prototypes -Wshadow -Waggregate-return -Wmissing-prototypes -Wnested-externs -Wsign-compare -DDVBPSI_DIST -MT atsc_ett.lo -MD -MP -MF .deps/atsc_ett.Tpo -c tables/atsc_ett.c  -fPIC -DPIC -o .libs/atsc_ett.o
libtool: compile:  gcc -DHAVE_CONFIG_H -I. -I.. -g -O2 -Wall -Werror --std=gnu99 -D_GNU_SOURCE -Wpointer-arith -Wcast-align -Wcast-qual -Wstrict-prototypes -Wshadow -Waggregate-return -Wmissing-prototypes -Wnested-externs -Wsign-compare -DDVBPSI_DIST -MT atsc_ett.lo -MD -MP -MF .deps/atsc_ett.Tpo -c tables/atsc_ett.c -o atsc_ett.o >/dev/null 2>&1
mv -f .deps/atsc_ett.Tpo .deps/atsc_ett.Plo
/bin/bash ../libtool  --tag=CC   --mode=compile gcc -DHAVE_CONFIG_H -I. -I..     -g -O2 -Wall -Werror --std=gnu99 -D_GNU_SOURCE -Wpointer-arith -Wcast-align -Wcast-qual -Wstrict-prototypes -Wshadow -Waggregate-return -Wmissing-prototypes -Wnested-externs -Wsign-compare -DDVBPSI_DIST -MT atsc_mgt.lo -MD -MP -MF .deps/atsc_mgt.Tpo -c -o atsc_mgt.lo `test -f 'tables/atsc_mgt.c' || echo './'`tables/atsc_mgt.c
libtool: compile:  gcc -DHAVE_CONFIG_H -I. -I.. -g -O2 -Wall -Werror --std=gnu99 -D_GNU_SOURCE -Wpointer-arith -Wcast-align -Wcast-qual -Wstrict-prototypes -Wshadow -Waggregate-return -Wmissing-prototypes -Wnested-externs -Wsign-compare -DDVBPSI_DIST -MT atsc_mgt.lo -MD -MP -MF .deps/atsc_mgt.Tpo -c tables/atsc_mgt.c  -fPIC -DPIC -o .libs/atsc_mgt.o
libtool: compile:  gcc -DHAVE_CONFIG_H -I. -I.. -g -O2 -Wall -Werror --std=gnu99 -D_GNU_SOURCE -Wpointer-arith -Wcast-align -Wcast-qual -Wstrict-prototypes -Wshadow -Waggregate-return -Wmissing-prototypes -Wnested-externs -Wsign-compare -DDVBPSI_DIST -MT atsc_mgt.lo -MD -MP -MF .deps/atsc_mgt.Tpo -c tables/atsc_mgt.c -o atsc_mgt.o >/dev/null 2>&1
mv -f .deps/atsc_mgt.Tpo .deps/atsc_mgt.Plo
/bin/bash ../libtool  --tag=CC   --mode=compile gcc -DHAVE_CONFIG_H -I. -I..     -g -O2 -Wall -Werror --std=gnu99 -D_GNU_SOURCE -Wpointer-arith -Wcast-align -Wcast-qual -Wstrict-prototypes -Wshadow -Waggregate-return -Wmissing-prototypes -Wnested-externs -Wsign-compare -DDVBPSI_DIST -MT dr_02.lo -MD -MP -MF .deps/dr_02.Tpo -c -o dr_02.lo `test -f 'descriptors/dr_02.c' || echo './'`descriptors/dr_02.c
libtool: compile:  gcc -DHAVE_CONFIG_H -I. -I.. -g -O2 -Wall -Werror --std=gnu99 -D_GNU_SOURCE -Wpointer-arith -Wcast-align -Wcast-qual -Wstrict-prototypes -Wshadow -Waggregate-return -Wmissing-prototypes -Wnested-externs -Wsign-compare -DDVBPSI_DIST -MT dr_02.lo -MD -MP -MF .deps/dr_02.Tpo -c descriptors/dr_02.c  -fPIC -DPIC -o .libs/dr_02.o
libtool: compile:  gcc -DHAVE_CONFIG_H -I. -I.. -g -O2 -Wall -Werror --std=gnu99 -D_GNU_SOURCE -Wpointer-arith -Wcast-align -Wcast-qual -Wstrict-prototypes -Wshadow -Waggregate-return -Wmissing-prototypes -Wnested-externs -Wsign-compare -DDVBPSI_DIST -MT dr_02.lo -MD -MP -MF .deps/dr_02.Tpo -c descriptors/dr_02.c -o dr_02.o >/dev/null 2>&1
mv -f .deps/dr_02.Tpo .deps/dr_02.Plo
/bin/bash ../libtool  --tag=CC   --mode=compile gcc -DHAVE_CONFIG_H -I. -I..     -g -O2 -Wall -Werror --std=gnu99 -D_GNU_SOURCE -Wpointer-arith -Wcast-align -Wcast-qual -Wstrict-prototypes -Wshadow -Waggregate-return -Wmissing-prototypes -Wnested-externs -Wsign-compare -DDVBPSI_DIST -MT dr_03.lo -MD -MP -MF .deps/dr_03.Tpo -c -o dr_03.lo `test -f 'descriptors/dr_03.c' || echo './'`descriptors/dr_03.c
libtool: compile:  gcc -DHAVE_CONFIG_H -I. -I.. -g -O2 -Wall -Werror --std=gnu99 -D_GNU_SOURCE -Wpointer-arith -Wcast-align -Wcast-qual -Wstrict-prototypes -Wshadow -Waggregate-return -Wmissing-prototypes -Wnested-externs -Wsign-compare -DDVBPSI_DIST -MT dr_03.lo -MD -MP -MF .deps/dr_03.Tpo -c descriptors/dr_03.c  -fPIC -DPIC -o .libs/dr_03.o
libtool: compile:  gcc -DHAVE_CONFIG_H -I. -I.. -g -O2 -Wall -Werror --std=gnu99 -D_GNU_SOURCE -Wpointer-arith -Wcast-align -Wcast-qual -Wstrict-prototypes -Wshadow -Waggregate-return -Wmissing-prototypes -Wnested-externs -Wsign-compare -DDVBPSI_DIST -MT dr_03.lo -MD -MP -MF .deps/dr_03.Tpo -c descriptors/dr_03.c -o dr_03.o >/dev/null 2>&1
mv -f .deps/dr_03.Tpo .deps/dr_03.Plo
/bin/bash ../libtool  --tag=CC   --mode=compile gcc -DHAVE_CONFIG_H -I. -I..     -g -O2 -Wall -Werror --std=gnu99 -D_GNU_SOURCE -Wpointer-arith -Wcast-align -Wcast-qual -Wstrict-prototypes -Wshadow -Waggregate-return -Wmissing-prototypes -Wnested-externs -Wsign-compare -DDVBPSI_DIST -MT dr_04.lo -MD -MP -MF .deps/dr_04.Tpo -c -o dr_04.lo `test -f 'descriptors/dr_04.c' || echo './'`descriptors/dr_04.c
libtool: compile:  gcc -DHAVE_CONFIG_H -I. -I.. -g -O2 -Wall -Werror --std=gnu99 -D_GNU_SOURCE -Wpointer-arith -Wcast-align -Wcast-qual -Wstrict-prototypes -Wshadow -Waggregate-return -Wmissing-prototypes -Wnested-externs -Wsign-compare -DDVBPSI_DIST -MT dr_04.lo -MD -MP -MF .deps/dr_04.Tpo -c descriptors/dr_04.c  -fPIC -DPIC -o .libs/dr_04.o
libtool: compile:  gcc -DHAVE_CONFIG_H -I. -I.. -g -O2 -Wall -Werror --std=gnu99 -D_GNU_SOURCE -Wpointer-arith -Wcast-align -Wcast-qual -Wstrict-prototypes -Wshadow -Waggregate-return -Wmissing-prototypes -Wnested-externs -Wsign-compare -DDVBPSI_DIST -MT dr_04.lo -MD -MP -MF .deps/dr_04.Tpo -c descriptors/dr_04.c -o dr_04.o >/dev/null 2>&1
mv -f .deps/dr_04.Tpo .deps/dr_04.Plo
/bin/bash ../libtool  --tag=CC   --mode=compile gcc -DHAVE_CONFIG_H -I. -I..     -g -O2 -Wall -Werror --std=gnu99 -D_GNU_SOURCE -Wpointer-arith -Wcast-align -Wcast-qual -Wstrict-prototypes -Wshadow -Waggregate-return -Wmissing-prototypes -Wnested-externs -Wsign-compare -DDVBPSI_DIST -MT dr_05.lo -MD -MP -MF .deps/dr_05.Tpo -c -o dr_05.lo `test -f 'descriptors/dr_05.c' || echo './'`descriptors/dr_05.c
libtool: compile:  gcc -DHAVE_CONFIG_H -I. -I.. -g -O2 -Wall -Werror --std=gnu99 -D_GNU_SOURCE -Wpointer-arith -Wcast-align -Wcast-qual -Wstrict-prototypes -Wshadow -Waggregate-return -Wmissing-prototypes -Wnested-externs -Wsign-compare -DDVBPSI_DIST -MT dr_05.lo -MD -MP -MF .deps/dr_05.Tpo -c descriptors/dr_05.c  -fPIC -DPIC -o .libs/dr_05.o
libtool: compile:  gcc -DHAVE_CONFIG_H -I. -I.. -g -O2 -Wall -Werror --std=gnu99 -D_GNU_SOURCE -Wpointer-arith -Wcast-align -Wcast-qual -Wstrict-prototypes -Wshadow -Waggregate-return -Wmissing-prototypes -Wnested-externs -Wsign-compare -DDVBPSI_DIST -MT dr_05.lo -MD -MP -MF .deps/dr_05.Tpo -c descriptors/dr_05.c -o dr_05.o >/dev/null 2>&1
mv -f .deps/dr_05.Tpo .deps/dr_05.Plo
/bin/bash ../libtool  --tag=CC   --mode=compile gcc -DHAVE_CONFIG_H -I. -I..     -g -O2 -Wall -Werror --std=gnu99 -D_GNU_SOURCE -Wpointer-arith -Wcast-align -Wcast-qual -Wstrict-prototypes -Wshadow -Waggregate-return -Wmissing-prototypes -Wnested-externs -Wsign-compare -DDVBPSI_DIST -MT dr_06.lo -MD -MP -MF .deps/dr_06.Tpo -c -o dr_06.lo `test -f 'descriptors/dr_06.c' || echo './'`descriptors/dr_06.c
libtool: compile:  gcc -DHAVE_CONFIG_H -I. -I.. -g -O2 -Wall -Werror --std=gnu99 -D_GNU_SOURCE -Wpointer-arith -Wcast-align -Wcast-qual -Wstrict-prototypes -Wshadow -Waggregate-return -Wmissing-prototypes -Wnested-externs -Wsign-compare -DDVBPSI_DIST -MT dr_06.lo -MD -MP -MF .deps/dr_06.Tpo -c descriptors/dr_06.c  -fPIC -DPIC -o .libs/dr_06.o
libtool: compile:  gcc -DHAVE_CONFIG_H -I. -I.. -g -O2 -Wall -Werror --std=gnu99 -D_GNU_SOURCE -Wpointer-arith -Wcast-align -Wcast-qual -Wstrict-prototypes -Wshadow -Waggregate-return -Wmissing-prototypes -Wnested-externs -Wsign-compare -DDVBPSI_DIST -MT dr_06.lo -MD -MP -MF .deps/dr_06.Tpo -c descriptors/dr_06.c -o dr_06.o >/dev/null 2>&1
mv -f .deps/dr_06.Tpo .deps/dr_06.Plo
/bin/bash ../libtool  --tag=CC   --mode=compile gcc -DHAVE_CONFIG_H -I. -I..     -g -O2 -Wall -Werror --std=gnu99 -D_GNU_SOURCE -Wpointer-arith -Wcast-align -Wcast-qual -Wstrict-prototypes -Wshadow -Waggregate-return -Wmissing-prototypes -Wnested-externs -Wsign-compare -DDVBPSI_DIST -MT dr_07.lo -MD -MP -MF .deps/dr_07.Tpo -c -o dr_07.lo `test -f 'descriptors/dr_07.c' || echo './'`descriptors/dr_07.c
libtool: compile:  gcc -DHAVE_CONFIG_H -I. -I.. -g -O2 -Wall -Werror --std=gnu99 -D_GNU_SOURCE -Wpointer-arith -Wcast-align -Wcast-qual -Wstrict-prototypes -Wshadow -Waggregate-return -Wmissing-prototypes -Wnested-externs -Wsign-compare -DDVBPSI_DIST -MT dr_07.lo -MD -MP -MF .deps/dr_07.Tpo -c descriptors/dr_07.c  -fPIC -DPIC -o .libs/dr_07.o
libtool: compile:  gcc -DHAVE_CONFIG_H -I. -I.. -g -O2 -Wall -Werror --std=gnu99 -D_GNU_SOURCE -Wpointer-arith -Wcast-align -Wcast-qual -Wstrict-prototypes -Wshadow -Waggregate-return -Wmissing-prototypes -Wnested-externs -Wsign-compare -DDVBPSI_DIST -MT dr_07.lo -MD -MP -MF .deps/dr_07.Tpo -c descriptors/dr_07.c -o dr_07.o >/dev/null 2>&1
mv -f .deps/dr_07.Tpo .deps/dr_07.Plo
/bin/bash ../libtool  --tag=CC   --mode=compile gcc -DHAVE_CONFIG_H -I. -I..     -g -O2 -Wall -Werror --std=gnu99 -D_GNU_SOURCE -Wpointer-arith -Wcast-align -Wcast-qual -Wstrict-prototypes -Wshadow -Waggregate-return -Wmissing-prototypes -Wnested-externs -Wsign-compare -DDVBPSI_DIST -MT dr_08.lo -MD -MP -MF .deps/dr_08.Tpo -c -o dr_08.lo `test -f 'descriptors/dr_08.c' || echo './'`descriptors/dr_08.c
libtool: compile:  gcc -DHAVE_CONFIG_H -I. -I.. -g -O2 -Wall -Werror --std=gnu99 -D_GNU_SOURCE -Wpointer-arith -Wcast-align -Wcast-qual -Wstrict-prototypes -Wshadow -Waggregate-return -Wmissing-prototypes -Wnested-externs -Wsign-compare -DDVBPSI_DIST -MT dr_08.lo -MD -MP -MF .deps/dr_08.Tpo -c descriptors/dr_08.c  -fPIC -DPIC -o .libs/dr_08.o
libtool: compile:  gcc -DHAVE_CONFIG_H -I. -I.. -g -O2 -Wall -Werror --std=gnu99 -D_GNU_SOURCE -Wpointer-arith -Wcast-align -Wcast-qual -Wstrict-prototypes -Wshadow -Waggregate-return -Wmissing-prototypes -Wnested-externs -Wsign-compare -DDVBPSI_DIST -MT dr_08.lo -MD -MP -MF .deps/dr_08.Tpo -c descriptors/dr_08.c -o dr_08.o >/dev/null 2>&1
mv -f .deps/dr_08.Tpo .deps/dr_08.Plo
/bin/bash ../libtool  --tag=CC   --mode=compile gcc -DHAVE_CONFIG_H -I. -I..     -g -O2 -Wall -Werror --std=gnu99 -D_GNU_SOURCE -Wpointer-arith -Wcast-align -Wcast-qual -Wstrict-prototypes -Wshadow -Waggregate-return -Wmissing-prototypes -Wnested-externs -Wsign-compare -DDVBPSI_DIST -MT dr_09.lo -MD -MP -MF .deps/dr_09.Tpo -c -o dr_09.lo `test -f 'descriptors/dr_09.c' || echo './'`descriptors/dr_09.c
libtool: compile:  gcc -DHAVE_CONFIG_H -I. -I.. -g -O2 -Wall -Werror --std=gnu99 -D_GNU_SOURCE -Wpointer-arith -Wcast-align -Wcast-qual -Wstrict-prototypes -Wshadow -Waggregate-return -Wmissing-prototypes -Wnested-externs -Wsign-compare -DDVBPSI_DIST -MT dr_09.lo -MD -MP -MF .deps/dr_09.Tpo -c descriptors/dr_09.c  -fPIC -DPIC -o .libs/dr_09.o
libtool: compile:  gcc -DHAVE_CONFIG_H -I. -I.. -g -O2 -Wall -Werror --std=gnu99 -D_GNU_SOURCE -Wpointer-arith -Wcast-align -Wcast-qual -Wstrict-prototypes -Wshadow -Waggregate-return -Wmissing-prototypes -Wnested-externs -Wsign-compare -DDVBPSI_DIST -MT dr_09.lo -MD -MP -MF .deps/dr_09.Tpo -c descriptors/dr_09.c -o dr_09.o >/dev/null 2>&1
mv -f .deps/dr_09.Tpo .deps/dr_09.Plo
/bin/bash ../libtool  --tag=CC   --mode=compile gcc -DHAVE_CONFIG_H -I. -I..     -g -O2 -Wall -Werror --std=gnu99 -D_GNU_SOURCE -Wpointer-arith -Wcast-align -Wcast-qual -Wstrict-prototypes -Wshadow -Waggregate-return -Wmissing-prototypes -Wnested-externs -Wsign-compare -DDVBPSI_DIST -MT dr_0a.lo -MD -MP -MF .deps/dr_0a.Tpo -c -o dr_0a.lo `test -f 'descriptors/dr_0a.c' || echo './'`descriptors/dr_0a.c
libtool: compile:  gcc -DHAVE_CONFIG_H -I. -I.. -g -O2 -Wall -Werror --std=gnu99 -D_GNU_SOURCE -Wpointer-arith -Wcast-align -Wcast-qual -Wstrict-prototypes -Wshadow -Waggregate-return -Wmissing-prototypes -Wnested-externs -Wsign-compare -DDVBPSI_DIST -MT dr_0a.lo -MD -MP -MF .deps/dr_0a.Tpo -c descriptors/dr_0a.c  -fPIC -DPIC -o .libs/dr_0a.o
libtool: compile:  gcc -DHAVE_CONFIG_H -I. -I.. -g -O2 -Wall -Werror --std=gnu99 -D_GNU_SOURCE -Wpointer-arith -Wcast-align -Wcast-qual -Wstrict-prototypes -Wshadow -Waggregate-return -Wmissing-prototypes -Wnested-externs -Wsign-compare -DDVBPSI_DIST -MT dr_0a.lo -MD -MP -MF .deps/dr_0a.Tpo -c descriptors/dr_0a.c -o dr_0a.o >/dev/null 2>&1
mv -f .deps/dr_0a.Tpo .deps/dr_0a.Plo
/bin/bash ../libtool  --tag=CC   --mode=compile gcc -DHAVE_CONFIG_H -I. -I..     -g -O2 -Wall -Werror --std=gnu99 -D_GNU_SOURCE -Wpointer-arith -Wcast-align -Wcast-qual -Wstrict-prototypes -Wshadow -Waggregate-return -Wmissing-prototypes -Wnested-externs -Wsign-compare -DDVBPSI_DIST -MT dr_0b.lo -MD -MP -MF .deps/dr_0b.Tpo -c -o dr_0b.lo `test -f 'descriptors/dr_0b.c' || echo './'`descriptors/dr_0b.c
libtool: compile:  gcc -DHAVE_CONFIG_H -I. -I.. -g -O2 -Wall -Werror --std=gnu99 -D_GNU_SOURCE -Wpointer-arith -Wcast-align -Wcast-qual -Wstrict-prototypes -Wshadow -Waggregate-return -Wmissing-prototypes -Wnested-externs -Wsign-compare -DDVBPSI_DIST -MT dr_0b.lo -MD -MP -MF .deps/dr_0b.Tpo -c descriptors/dr_0b.c  -fPIC -DPIC -o .libs/dr_0b.o
libtool: compile:  gcc -DHAVE_CONFIG_H -I. -I.. -g -O2 -Wall -Werror --std=gnu99 -D_GNU_SOURCE -Wpointer-arith -Wcast-align -Wcast-qual -Wstrict-prototypes -Wshadow -Waggregate-return -Wmissing-prototypes -Wnested-externs -Wsign-compare -DDVBPSI_DIST -MT dr_0b.lo -MD -MP -MF .deps/dr_0b.Tpo -c descriptors/dr_0b.c -o dr_0b.o >/dev/null 2>&1
mv -f .deps/dr_0b.Tpo .deps/dr_0b.Plo
/bin/bash ../libtool  --tag=CC   --mode=compile gcc -DHAVE_CONFIG_H -I. -I..     -g -O2 -Wall -Werror --std=gnu99 -D_GNU_SOURCE -Wpointer-arith -Wcast-align -Wcast-qual -Wstrict-prototypes -Wshadow -Waggregate-return -Wmissing-prototypes -Wnested-externs -Wsign-compare -DDVBPSI_DIST -MT dr_0c.lo -MD -MP -MF .deps/dr_0c.Tpo -c -o dr_0c.lo `test -f 'descriptors/dr_0c.c' || echo './'`descriptors/dr_0c.c
libtool: compile:  gcc -DHAVE_CONFIG_H -I. -I.. -g -O2 -Wall -Werror --std=gnu99 -D_GNU_SOURCE -Wpointer-arith -Wcast-align -Wcast-qual -Wstrict-prototypes -Wshadow -Waggregate-return -Wmissing-prototypes -Wnested-externs -Wsign-compare -DDVBPSI_DIST -MT dr_0c.lo -MD -MP -MF .deps/dr_0c.Tpo -c descriptors/dr_0c.c  -fPIC -DPIC -o .libs/dr_0c.o
libtool: compile:  gcc -DHAVE_CONFIG_H -I. -I.. -g -O2 -Wall -Werror --std=gnu99 -D_GNU_SOURCE -Wpointer-arith -Wcast-align -Wcast-qual -Wstrict-prototypes -Wshadow -Waggregate-return -Wmissing-prototypes -Wnested-externs -Wsign-compare -DDVBPSI_DIST -MT dr_0c.lo -MD -MP -MF .deps/dr_0c.Tpo -c descriptors/dr_0c.c -o dr_0c.o >/dev/null 2>&1
mv -f .deps/dr_0c.Tpo .deps/dr_0c.Plo
/bin/bash ../libtool  --tag=CC   --mode=compile gcc -DHAVE_CONFIG_H -I. -I..     -g -O2 -Wall -Werror --std=gnu99 -D_GNU_SOURCE -Wpointer-arith -Wcast-align -Wcast-qual -Wstrict-prototypes -Wshadow -Waggregate-return -Wmissing-prototypes -Wnested-externs -Wsign-compare -DDVBPSI_DIST -MT dr_0d.lo -MD -MP -MF .deps/dr_0d.Tpo -c -o dr_0d.lo `test -f 'descriptors/dr_0d.c' || echo './'`descriptors/dr_0d.c
libtool: compile:  gcc -DHAVE_CONFIG_H -I. -I.. -g -O2 -Wall -Werror --std=gnu99 -D_GNU_SOURCE -Wpointer-arith -Wcast-align -Wcast-qual -Wstrict-prototypes -Wshadow -Waggregate-return -Wmissing-prototypes -Wnested-externs -Wsign-compare -DDVBPSI_DIST -MT dr_0d.lo -MD -MP -MF .deps/dr_0d.Tpo -c descriptors/dr_0d.c  -fPIC -DPIC -o .libs/dr_0d.o
libtool: compile:  gcc -DHAVE_CONFIG_H -I. -I.. -g -O2 -Wall -Werror --std=gnu99 -D_GNU_SOURCE -Wpointer-arith -Wcast-align -Wcast-qual -Wstrict-prototypes -Wshadow -Waggregate-return -Wmissing-prototypes -Wnested-externs -Wsign-compare -DDVBPSI_DIST -MT dr_0d.lo -MD -MP -MF .deps/dr_0d.Tpo -c descriptors/dr_0d.c -o dr_0d.o >/dev/null 2>&1
mv -f .deps/dr_0d.Tpo .deps/dr_0d.Plo
/bin/bash ../libtool  --tag=CC   --mode=compile gcc -DHAVE_CONFIG_H -I. -I..     -g -O2 -Wall -Werror --std=gnu99 -D_GNU_SOURCE -Wpointer-arith -Wcast-align -Wcast-qual -Wstrict-prototypes -Wshadow -Waggregate-return -Wmissing-prototypes -Wnested-externs -Wsign-compare -DDVBPSI_DIST -MT dr_0e.lo -MD -MP -MF .deps/dr_0e.Tpo -c -o dr_0e.lo `test -f 'descriptors/dr_0e.c' || echo './'`descriptors/dr_0e.c
libtool: compile:  gcc -DHAVE_CONFIG_H -I. -I.. -g -O2 -Wall -Werror --std=gnu99 -D_GNU_SOURCE -Wpointer-arith -Wcast-align -Wcast-qual -Wstrict-prototypes -Wshadow -Waggregate-return -Wmissing-prototypes -Wnested-externs -Wsign-compare -DDVBPSI_DIST -MT dr_0e.lo -MD -MP -MF .deps/dr_0e.Tpo -c descriptors/dr_0e.c  -fPIC -DPIC -o .libs/dr_0e.o
libtool: compile:  gcc -DHAVE_CONFIG_H -I. -I.. -g -O2 -Wall -Werror --std=gnu99 -D_GNU_SOURCE -Wpointer-arith -Wcast-align -Wcast-qual -Wstrict-prototypes -Wshadow -Waggregate-return -Wmissing-prototypes -Wnested-externs -Wsign-compare -DDVBPSI_DIST -MT dr_0e.lo -MD -MP -MF .deps/dr_0e.Tpo -c descriptors/dr_0e.c -o dr_0e.o >/dev/null 2>&1
mv -f .deps/dr_0e.Tpo .deps/dr_0e.Plo
/bin/bash ../libtool  --tag=CC   --mode=compile gcc -DHAVE_CONFIG_H -I. -I..     -g -O2 -Wall -Werror --std=gnu99 -D_GNU_SOURCE -Wpointer-arith -Wcast-align -Wcast-qual -Wstrict-prototypes -Wshadow -Waggregate-return -Wmissing-prototypes -Wnested-externs -Wsign-compare -DDVBPSI_DIST -MT dr_0f.lo -MD -MP -MF .deps/dr_0f.Tpo -c -o dr_0f.lo `test -f 'descriptors/dr_0f.c' || echo './'`descriptors/dr_0f.c
libtool: compile:  gcc -DHAVE_CONFIG_H -I. -I.. -g -O2 -Wall -Werror --std=gnu99 -D_GNU_SOURCE -Wpointer-arith -Wcast-align -Wcast-qual -Wstrict-prototypes -Wshadow -Waggregate-return -Wmissing-prototypes -Wnested-externs -Wsign-compare -DDVBPSI_DIST -MT dr_0f.lo -MD -MP -MF .deps/dr_0f.Tpo -c descriptors/dr_0f.c  -fPIC -DPIC -o .libs/dr_0f.o
libtool: compile:  gcc -DHAVE_CONFIG_H -I. -I.. -g -O2 -Wall -Werror --std=gnu99 -D_GNU_SOURCE -Wpointer-arith -Wcast-align -Wcast-qual -Wstrict-prototypes -Wshadow -Waggregate-return -Wmissing-prototypes -Wnested-externs -Wsign-compare -DDVBPSI_DIST -MT dr_0f.lo -MD -MP -MF .deps/dr_0f.Tpo -c descriptors/dr_0f.c -o dr_0f.o >/dev/null 2>&1
mv -f .deps/dr_0f.Tpo .deps/dr_0f.Plo
/bin/bash ../libtool  --tag=CC   --mode=compile gcc -DHAVE_CONFIG_H -I. -I..     -g -O2 -Wall -Werror --std=gnu99 -D_GNU_SOURCE -Wpointer-arith -Wcast-align -Wcast-qual -Wstrict-prototypes -Wshadow -Waggregate-return -Wmissing-prototypes -Wnested-externs -Wsign-compare -DDVBPSI_DIST -MT dr_13.lo -MD -MP -MF .deps/dr_13.Tpo -c -o dr_13.lo `test -f 'descriptors/dr_13.c' || echo './'`descriptors/dr_13.c
libtool: compile:  gcc -DHAVE_CONFIG_H -I. -I.. -g -O2 -Wall -Werror --std=gnu99 -D_GNU_SOURCE -Wpointer-arith -Wcast-align -Wcast-qual -Wstrict-prototypes -Wshadow -Waggregate-return -Wmissing-prototypes -Wnested-externs -Wsign-compare -DDVBPSI_DIST -MT dr_13.lo -MD -MP -MF .deps/dr_13.Tpo -c descriptors/dr_13.c  -fPIC -DPIC -o .libs/dr_13.o
libtool: compile:  gcc -DHAVE_CONFIG_H -I. -I.. -g -O2 -Wall -Werror --std=gnu99 -D_GNU_SOURCE -Wpointer-arith -Wcast-align -Wcast-qual -Wstrict-prototypes -Wshadow -Waggregate-return -Wmissing-prototypes -Wnested-externs -Wsign-compare -DDVBPSI_DIST -MT dr_13.lo -MD -MP -MF .deps/dr_13.Tpo -c descriptors/dr_13.c -o dr_13.o >/dev/null 2>&1
mv -f .deps/dr_13.Tpo .deps/dr_13.Plo
/bin/bash ../libtool  --tag=CC   --mode=compile gcc -DHAVE_CONFIG_H -I. -I..     -g -O2 -Wall -Werror --std=gnu99 -D_GNU_SOURCE -Wpointer-arith -Wcast-align -Wcast-qual -Wstrict-prototypes -Wshadow -Waggregate-return -Wmissing-prototypes -Wnested-externs -Wsign-compare -DDVBPSI_DIST -MT dr_14.lo -MD -MP -MF .deps/dr_14.Tpo -c -o dr_14.lo `test -f 'descriptors/dr_14.c' || echo './'`descriptors/dr_14.c
libtool: compile:  gcc -DHAVE_CONFIG_H -I. -I.. -g -O2 -Wall -Werror --std=gnu99 -D_GNU_SOURCE -Wpointer-arith -Wcast-align -Wcast-qual -Wstrict-prototypes -Wshadow -Waggregate-return -Wmissing-prototypes -Wnested-externs -Wsign-compare -DDVBPSI_DIST -MT dr_14.lo -MD -MP -MF .deps/dr_14.Tpo -c descriptors/dr_14.c  -fPIC -DPIC -o .libs/dr_14.o
libtool: compile:  gcc -DHAVE_CONFIG_H -I. -I.. -g -O2 -Wall -Werror --std=gnu99 -D_GNU_SOURCE -Wpointer-arith -Wcast-align -Wcast-qual -Wstrict-prototypes -Wshadow -Waggregate-return -Wmissing-prototypes -Wnested-externs -Wsign-compare -DDVBPSI_DIST -MT dr_14.lo -MD -MP -MF .deps/dr_14.Tpo -c descriptors/dr_14.c -o dr_14.o >/dev/null 2>&1
mv -f .deps/dr_14.Tpo .deps/dr_14.Plo
/bin/bash ../libtool  --tag=CC   --mode=compile gcc -DHAVE_CONFIG_H -I. -I..     -g -O2 -Wall -Werror --std=gnu99 -D_GNU_SOURCE -Wpointer-arith -Wcast-align -Wcast-qual -Wstrict-prototypes -Wshadow -Waggregate-return -Wmissing-prototypes -Wnested-externs -Wsign-compare -DDVBPSI_DIST -MT dr_40.lo -MD -MP -MF .deps/dr_40.Tpo -c -o dr_40.lo `test -f 'descriptors/dr_40.c' || echo './'`descriptors/dr_40.c
libtool: compile:  gcc -DHAVE_CONFIG_H -I. -I.. -g -O2 -Wall -Werror --std=gnu99 -D_GNU_SOURCE -Wpointer-arith -Wcast-align -Wcast-qual -Wstrict-prototypes -Wshadow -Waggregate-return -Wmissing-prototypes -Wnested-externs -Wsign-compare -DDVBPSI_DIST -MT dr_40.lo -MD -MP -MF .deps/dr_40.Tpo -c descriptors/dr_40.c  -fPIC -DPIC -o .libs/dr_40.o
libtool: compile:  gcc -DHAVE_CONFIG_H -I. -I.. -g -O2 -Wall -Werror --std=gnu99 -D_GNU_SOURCE -Wpointer-arith -Wcast-align -Wcast-qual -Wstrict-prototypes -Wshadow -Waggregate-return -Wmissing-prototypes -Wnested-externs -Wsign-compare -DDVBPSI_DIST -MT dr_40.lo -MD -MP -MF .deps/dr_40.Tpo -c descriptors/dr_40.c -o dr_40.o >/dev/null 2>&1
mv -f .deps/dr_40.Tpo .deps/dr_40.Plo
/bin/bash ../libtool  --tag=CC   --mode=compile gcc -DHAVE_CONFIG_H -I. -I..     -g -O2 -Wall -Werror --std=gnu99 -D_GNU_SOURCE -Wpointer-arith -Wcast-align -Wcast-qual -Wstrict-prototypes -Wshadow -Waggregate-return -Wmissing-prototypes -Wnested-externs -Wsign-compare -DDVBPSI_DIST -MT dr_41.lo -MD -MP -MF .deps/dr_41.Tpo -c -o dr_41.lo `test -f 'descriptors/dr_41.c' || echo './'`descriptors/dr_41.c
libtool: compile:  gcc -DHAVE_CONFIG_H -I. -I.. -g -O2 -Wall -Werror --std=gnu99 -D_GNU_SOURCE -Wpointer-arith -Wcast-align -Wcast-qual -Wstrict-prototypes -Wshadow -Waggregate-return -Wmissing-prototypes -Wnested-externs -Wsign-compare -DDVBPSI_DIST -MT dr_41.lo -MD -MP -MF .deps/dr_41.Tpo -c descriptors/dr_41.c  -fPIC -DPIC -o .libs/dr_41.o
libtool: compile:  gcc -DHAVE_CONFIG_H -I. -I.. -g -O2 -Wall -Werror --std=gnu99 -D_GNU_SOURCE -Wpointer-arith -Wcast-align -Wcast-qual -Wstrict-prototypes -Wshadow -Waggregate-return -Wmissing-prototypes -Wnested-externs -Wsign-compare -DDVBPSI_DIST -MT dr_41.lo -MD -MP -MF .deps/dr_41.Tpo -c descriptors/dr_41.c -o dr_41.o >/dev/null 2>&1
mv -f .deps/dr_41.Tpo .deps/dr_41.Plo
/bin/bash ../libtool  --tag=CC   --mode=compile gcc -DHAVE_CONFIG_H -I. -I..     -g -O2 -Wall -Werror --std=gnu99 -D_GNU_SOURCE -Wpointer-arith -Wcast-align -Wcast-qual -Wstrict-prototypes -Wshadow -Waggregate-return -Wmissing-prototypes -Wnested-externs -Wsign-compare -DDVBPSI_DIST -MT dr_42.lo -MD -MP -MF .deps/dr_42.Tpo -c -o dr_42.lo `test -f 'descriptors/dr_42.c' || echo './'`descriptors/dr_42.c
libtool: compile:  gcc -DHAVE_CONFIG_H -I. -I.. -g -O2 -Wall -Werror --std=gnu99 -D_GNU_SOURCE -Wpointer-arith -Wcast-align -Wcast-qual -Wstrict-prototypes -Wshadow -Waggregate-return -Wmissing-prototypes -Wnested-externs -Wsign-compare -DDVBPSI_DIST -MT dr_42.lo -MD -MP -MF .deps/dr_42.Tpo -c descriptors/dr_42.c  -fPIC -DPIC -o .libs/dr_42.o
libtool: compile:  gcc -DHAVE_CONFIG_H -I. -I.. -g -O2 -Wall -Werror --std=gnu99 -D_GNU_SOURCE -Wpointer-arith -Wcast-align -Wcast-qual -Wstrict-prototypes -Wshadow -Waggregate-return -Wmissing-prototypes -Wnested-externs -Wsign-compare -DDVBPSI_DIST -MT dr_42.lo -MD -MP -MF .deps/dr_42.Tpo -c descriptors/dr_42.c -o dr_42.o >/dev/null 2>&1
mv -f .deps/dr_42.Tpo .deps/dr_42.Plo
/bin/bash ../libtool  --tag=CC   --mode=compile gcc -DHAVE_CONFIG_H -I. -I..     -g -O2 -Wall -Werror --std=gnu99 -D_GNU_SOURCE -Wpointer-arith -Wcast-align -Wcast-qual -Wstrict-prototypes -Wshadow -Waggregate-return -Wmissing-prototypes -Wnested-externs -Wsign-compare -DDVBPSI_DIST -MT dr_43.lo -MD -MP -MF .deps/dr_43.Tpo -c -o dr_43.lo `test -f 'descriptors/dr_43.c' || echo './'`descriptors/dr_43.c
libtool: compile:  gcc -DHAVE_CONFIG_H -I. -I.. -g -O2 -Wall -Werror --std=gnu99 -D_GNU_SOURCE -Wpointer-arith -Wcast-align -Wcast-qual -Wstrict-prototypes -Wshadow -Waggregate-return -Wmissing-prototypes -Wnested-externs -Wsign-compare -DDVBPSI_DIST -MT dr_43.lo -MD -MP -MF .deps/dr_43.Tpo -c descriptors/dr_43.c  -fPIC -DPIC -o .libs/dr_43.o
libtool: compile:  gcc -DHAVE_CONFIG_H -I. -I.. -g -O2 -Wall -Werror --std=gnu99 -D_GNU_SOURCE -Wpointer-arith -Wcast-align -Wcast-qual -Wstrict-prototypes -Wshadow -Waggregate-return -Wmissing-prototypes -Wnested-externs -Wsign-compare -DDVBPSI_DIST -MT dr_43.lo -MD -MP -MF .deps/dr_43.Tpo -c descriptors/dr_43.c -o dr_43.o >/dev/null 2>&1
mv -f .deps/dr_43.Tpo .deps/dr_43.Plo
/bin/bash ../libtool  --tag=CC   --mode=compile gcc -DHAVE_CONFIG_H -I. -I..     -g -O2 -Wall -Werror --std=gnu99 -D_GNU_SOURCE -Wpointer-arith -Wcast-align -Wcast-qual -Wstrict-prototypes -Wshadow -Waggregate-return -Wmissing-prototypes -Wnested-externs -Wsign-compare -DDVBPSI_DIST -MT dr_44.lo -MD -MP -MF .deps/dr_44.Tpo -c -o dr_44.lo `test -f 'descriptors/dr_44.c' || echo './'`descriptors/dr_44.c
libtool: compile:  gcc -DHAVE_CONFIG_H -I. -I.. -g -O2 -Wall -Werror --std=gnu99 -D_GNU_SOURCE -Wpointer-arith -Wcast-align -Wcast-qual -Wstrict-prototypes -Wshadow -Waggregate-return -Wmissing-prototypes -Wnested-externs -Wsign-compare -DDVBPSI_DIST -MT dr_44.lo -MD -MP -MF .deps/dr_44.Tpo -c descriptors/dr_44.c  -fPIC -DPIC -o .libs/dr_44.o
libtool: compile:  gcc -DHAVE_CONFIG_H -I. -I.. -g -O2 -Wall -Werror --std=gnu99 -D_GNU_SOURCE -Wpointer-arith -Wcast-align -Wcast-qual -Wstrict-prototypes -Wshadow -Waggregate-return -Wmissing-prototypes -Wnested-externs -Wsign-compare -DDVBPSI_DIST -MT dr_44.lo -MD -MP -MF .deps/dr_44.Tpo -c descriptors/dr_44.c -o dr_44.o >/dev/null 2>&1
mv -f .deps/dr_44.Tpo .deps/dr_44.Plo
/bin/bash ../libtool  --tag=CC   --mode=compile gcc -DHAVE_CONFIG_H -I. -I..     -g -O2 -Wall -Werror --std=gnu99 -D_GNU_SOURCE -Wpointer-arith -Wcast-align -Wcast-qual -Wstrict-prototypes -Wshadow -Waggregate-return -Wmissing-prototypes -Wnested-externs -Wsign-compare -DDVBPSI_DIST -MT dr_45.lo -MD -MP -MF .deps/dr_45.Tpo -c -o dr_45.lo `test -f 'descriptors/dr_45.c' || echo './'`descriptors/dr_45.c
libtool: compile:  gcc -DHAVE_CONFIG_H -I. -I.. -g -O2 -Wall -Werror --std=gnu99 -D_GNU_SOURCE -Wpointer-arith -Wcast-align -Wcast-qual -Wstrict-prototypes -Wshadow -Waggregate-return -Wmissing-prototypes -Wnested-externs -Wsign-compare -DDVBPSI_DIST -MT dr_45.lo -MD -MP -MF .deps/dr_45.Tpo -c descriptors/dr_45.c  -fPIC -DPIC -o .libs/dr_45.o
libtool: compile:  gcc -DHAVE_CONFIG_H -I. -I.. -g -O2 -Wall -Werror --std=gnu99 -D_GNU_SOURCE -Wpointer-arith -Wcast-align -Wcast-qual -Wstrict-prototypes -Wshadow -Waggregate-return -Wmissing-prototypes -Wnested-externs -Wsign-compare -DDVBPSI_DIST -MT dr_45.lo -MD -MP -MF .deps/dr_45.Tpo -c descriptors/dr_45.c -o dr_45.o >/dev/null 2>&1
mv -f .deps/dr_45.Tpo .deps/dr_45.Plo
/bin/bash ../libtool  --tag=CC   --mode=compile gcc -DHAVE_CONFIG_H -I. -I..     -g -O2 -Wall -Werror --std=gnu99 -D_GNU_SOURCE -Wpointer-arith -Wcast-align -Wcast-qual -Wstrict-prototypes -Wshadow -Waggregate-return -Wmissing-prototypes -Wnested-externs -Wsign-compare -DDVBPSI_DIST -MT dr_47.lo -MD -MP -MF .deps/dr_47.Tpo -c -o dr_47.lo `test -f 'descriptors/dr_47.c' || echo './'`descriptors/dr_47.c
libtool: compile:  gcc -DHAVE_CONFIG_H -I. -I.. -g -O2 -Wall -Werror --std=gnu99 -D_GNU_SOURCE -Wpointer-arith -Wcast-align -Wcast-qual -Wstrict-prototypes -Wshadow -Waggregate-return -Wmissing-prototypes -Wnested-externs -Wsign-compare -DDVBPSI_DIST -MT dr_47.lo -MD -MP -MF .deps/dr_47.Tpo -c descriptors/dr_47.c  -fPIC -DPIC -o .libs/dr_47.o
libtool: compile:  gcc -DHAVE_CONFIG_H -I. -I.. -g -O2 -Wall -Werror --std=gnu99 -D_GNU_SOURCE -Wpointer-arith -Wcast-align -Wcast-qual -Wstrict-prototypes -Wshadow -Waggregate-return -Wmissing-prototypes -Wnested-externs -Wsign-compare -DDVBPSI_DIST -MT dr_47.lo -MD -MP -MF .deps/dr_47.Tpo -c descriptors/dr_47.c -o dr_47.o >/dev/null 2>&1
mv -f .deps/dr_47.Tpo .deps/dr_47.Plo
/bin/bash ../libtool  --tag=CC   --mode=compile gcc -DHAVE_CONFIG_H -I. -I..     -g -O2 -Wall -Werror --std=gnu99 -D_GNU_SOURCE -Wpointer-arith -Wcast-align -Wcast-qual -Wstrict-prototypes -Wshadow -Waggregate-return -Wmissing-prototypes -Wnested-externs -Wsign-compare -DDVBPSI_DIST -MT dr_48.lo -MD -MP -MF .deps/dr_48.Tpo -c -o dr_48.lo `test -f 'descriptors/dr_48.c' || echo './'`descriptors/dr_48.c
libtool: compile:  gcc -DHAVE_CONFIG_H -I. -I.. -g -O2 -Wall -Werror --std=gnu99 -D_GNU_SOURCE -Wpointer-arith -Wcast-align -Wcast-qual -Wstrict-prototypes -Wshadow -Waggregate-return -Wmissing-prototypes -Wnested-externs -Wsign-compare -DDVBPSI_DIST -MT dr_48.lo -MD -MP -MF .deps/dr_48.Tpo -c descriptors/dr_48.c  -fPIC -DPIC -o .libs/dr_48.o
libtool: compile:  gcc -DHAVE_CONFIG_H -I. -I.. -g -O2 -Wall -Werror --std=gnu99 -D_GNU_SOURCE -Wpointer-arith -Wcast-align -Wcast-qual -Wstrict-prototypes -Wshadow -Waggregate-return -Wmissing-prototypes -Wnested-externs -Wsign-compare -DDVBPSI_DIST -MT dr_48.lo -MD -MP -MF .deps/dr_48.Tpo -c descriptors/dr_48.c -o dr_48.o >/dev/null 2>&1
mv -f .deps/dr_48.Tpo .deps/dr_48.Plo
/bin/bash ../libtool  --tag=CC   --mode=compile gcc -DHAVE_CONFIG_H -I. -I..     -g -O2 -Wall -Werror --std=gnu99 -D_GNU_SOURCE -Wpointer-arith -Wcast-align -Wcast-qual -Wstrict-prototypes -Wshadow -Waggregate-return -Wmissing-prototypes -Wnested-externs -Wsign-compare -DDVBPSI_DIST -MT dr_49.lo -MD -MP -MF .deps/dr_49.Tpo -c -o dr_49.lo `test -f 'descriptors/dr_49.c' || echo './'`descriptors/dr_49.c
libtool: compile:  gcc -DHAVE_CONFIG_H -I. -I.. -g -O2 -Wall -Werror --std=gnu99 -D_GNU_SOURCE -Wpointer-arith -Wcast-align -Wcast-qual -Wstrict-prototypes -Wshadow -Waggregate-return -Wmissing-prototypes -Wnested-externs -Wsign-compare -DDVBPSI_DIST -MT dr_49.lo -MD -MP -MF .deps/dr_49.Tpo -c descriptors/dr_49.c  -fPIC -DPIC -o .libs/dr_49.o
libtool: compile:  gcc -DHAVE_CONFIG_H -I. -I.. -g -O2 -Wall -Werror --std=gnu99 -D_GNU_SOURCE -Wpointer-arith -Wcast-align -Wcast-qual -Wstrict-prototypes -Wshadow -Waggregate-return -Wmissing-prototypes -Wnested-externs -Wsign-compare -DDVBPSI_DIST -MT dr_49.lo -MD -MP -MF .deps/dr_49.Tpo -c descriptors/dr_49.c -o dr_49.o >/dev/null 2>&1
mv -f .deps/dr_49.Tpo .deps/dr_49.Plo
/bin/bash ../libtool  --tag=CC   --mode=compile gcc -DHAVE_CONFIG_H -I. -I..     -g -O2 -Wall -Werror --std=gnu99 -D_GNU_SOURCE -Wpointer-arith -Wcast-align -Wcast-qual -Wstrict-prototypes -Wshadow -Waggregate-return -Wmissing-prototypes -Wnested-externs -Wsign-compare -DDVBPSI_DIST -MT dr_4a.lo -MD -MP -MF .deps/dr_4a.Tpo -c -o dr_4a.lo `test -f 'descriptors/dr_4a.c' || echo './'`descriptors/dr_4a.c
libtool: compile:  gcc -DHAVE_CONFIG_H -I. -I.. -g -O2 -Wall -Werror --std=gnu99 -D_GNU_SOURCE -Wpointer-arith -Wcast-align -Wcast-qual -Wstrict-prototypes -Wshadow -Waggregate-return -Wmissing-prototypes -Wnested-externs -Wsign-compare -DDVBPSI_DIST -MT dr_4a.lo -MD -MP -MF .deps/dr_4a.Tpo -c descriptors/dr_4a.c  -fPIC -DPIC -o .libs/dr_4a.o
libtool: compile:  gcc -DHAVE_CONFIG_H -I. -I.. -g -O2 -Wall -Werror --std=gnu99 -D_GNU_SOURCE -Wpointer-arith -Wcast-align -Wcast-qual -Wstrict-prototypes -Wshadow -Waggregate-return -Wmissing-prototypes -Wnested-externs -Wsign-compare -DDVBPSI_DIST -MT dr_4a.lo -MD -MP -MF .deps/dr_4a.Tpo -c descriptors/dr_4a.c -o dr_4a.o >/dev/null 2>&1
mv -f .deps/dr_4a.Tpo .deps/dr_4a.Plo
/bin/bash ../libtool  --tag=CC   --mode=compile gcc -DHAVE_CONFIG_H -I. -I..     -g -O2 -Wall -Werror --std=gnu99 -D_GNU_SOURCE -Wpointer-arith -Wcast-align -Wcast-qual -Wstrict-prototypes -Wshadow -Waggregate-return -Wmissing-prototypes -Wnested-externs -Wsign-compare -DDVBPSI_DIST -MT dr_4b.lo -MD -MP -MF .deps/dr_4b.Tpo -c -o dr_4b.lo `test -f 'descriptors/dr_4b.c' || echo './'`descriptors/dr_4b.c
libtool: compile:  gcc -DHAVE_CONFIG_H -I. -I.. -g -O2 -Wall -Werror --std=gnu99 -D_GNU_SOURCE -Wpointer-arith -Wcast-align -Wcast-qual -Wstrict-prototypes -Wshadow -Waggregate-return -Wmissing-prototypes -Wnested-externs -Wsign-compare -DDVBPSI_DIST -MT dr_4b.lo -MD -MP -MF .deps/dr_4b.Tpo -c descriptors/dr_4b.c  -fPIC -DPIC -o .libs/dr_4b.o
libtool: compile:  gcc -DHAVE_CONFIG_H -I. -I.. -g -O2 -Wall -Werror --std=gnu99 -D_GNU_SOURCE -Wpointer-arith -Wcast-align -Wcast-qual -Wstrict-prototypes -Wshadow -Waggregate-return -Wmissing-prototypes -Wnested-externs -Wsign-compare -DDVBPSI_DIST -MT dr_4b.lo -MD -MP -MF .deps/dr_4b.Tpo -c descriptors/dr_4b.c -o dr_4b.o >/dev/null 2>&1
mv -f .deps/dr_4b.Tpo .deps/dr_4b.Plo
/bin/bash ../libtool  --tag=CC   --mode=compile gcc -DHAVE_CONFIG_H -I. -I..     -g -O2 -Wall -Werror --std=gnu99 -D_GNU_SOURCE -Wpointer-arith -Wcast-align -Wcast-qual -Wstrict-prototypes -Wshadow -Waggregate-return -Wmissing-prototypes -Wnested-externs -Wsign-compare -DDVBPSI_DIST -MT dr_4d.lo -MD -MP -MF .deps/dr_4d.Tpo -c -o dr_4d.lo `test -f 'descriptors/dr_4d.c' || echo './'`descriptors/dr_4d.c
libtool: compile:  gcc -DHAVE_CONFIG_H -I. -I.. -g -O2 -Wall -Werror --std=gnu99 -D_GNU_SOURCE -Wpointer-arith -Wcast-align -Wcast-qual -Wstrict-prototypes -Wshadow -Waggregate-return -Wmissing-prototypes -Wnested-externs -Wsign-compare -DDVBPSI_DIST -MT dr_4d.lo -MD -MP -MF .deps/dr_4d.Tpo -c descriptors/dr_4d.c  -fPIC -DPIC -o .libs/dr_4d.o
libtool: compile:  gcc -DHAVE_CONFIG_H -I. -I.. -g -O2 -Wall -Werror --std=gnu99 -D_GNU_SOURCE -Wpointer-arith -Wcast-align -Wcast-qual -Wstrict-prototypes -Wshadow -Waggregate-return -Wmissing-prototypes -Wnested-externs -Wsign-compare -DDVBPSI_DIST -MT dr_4d.lo -MD -MP -MF .deps/dr_4d.Tpo -c descriptors/dr_4d.c -o dr_4d.o >/dev/null 2>&1
mv -f .deps/dr_4d.Tpo .deps/dr_4d.Plo
/bin/bash ../libtool  --tag=CC   --mode=compile gcc -DHAVE_CONFIG_H -I. -I..     -g -O2 -Wall -Werror --std=gnu99 -D_GNU_SOURCE -Wpointer-arith -Wcast-align -Wcast-qual -Wstrict-prototypes -Wshadow -Waggregate-return -Wmissing-prototypes -Wnested-externs -Wsign-compare -DDVBPSI_DIST -MT dr_4e.lo -MD -MP -MF .deps/dr_4e.Tpo -c -o dr_4e.lo `test -f 'descriptors/dr_4e.c' || echo './'`descriptors/dr_4e.c
libtool: compile:  gcc -DHAVE_CONFIG_H -I. -I.. -g -O2 -Wall -Werror --std=gnu99 -D_GNU_SOURCE -Wpointer-arith -Wcast-align -Wcast-qual -Wstrict-prototypes -Wshadow -Waggregate-return -Wmissing-prototypes -Wnested-externs -Wsign-compare -DDVBPSI_DIST -MT dr_4e.lo -MD -MP -MF .deps/dr_4e.Tpo -c descriptors/dr_4e.c  -fPIC -DPIC -o .libs/dr_4e.o
libtool: compile:  gcc -DHAVE_CONFIG_H -I. -I.. -g -O2 -Wall -Werror --std=gnu99 -D_GNU_SOURCE -Wpointer-arith -Wcast-align -Wcast-qual -Wstrict-prototypes -Wshadow -Waggregate-return -Wmissing-prototypes -Wnested-externs -Wsign-compare -DDVBPSI_DIST -MT dr_4e.lo -MD -MP -MF .deps/dr_4e.Tpo -c descriptors/dr_4e.c -o dr_4e.o >/dev/null 2>&1
mv -f .deps/dr_4e.Tpo .deps/dr_4e.Plo
/bin/bash ../libtool  --tag=CC   --mode=compile gcc -DHAVE_CONFIG_H -I. -I..     -g -O2 -Wall -Werror --std=gnu99 -D_GNU_SOURCE -Wpointer-arith -Wcast-align -Wcast-qual -Wstrict-prototypes -Wshadow -Waggregate-return -Wmissing-prototypes -Wnested-externs -Wsign-compare -DDVBPSI_DIST -MT dr_4f.lo -MD -MP -MF .deps/dr_4f.Tpo -c -o dr_4f.lo `test -f 'descriptors/dr_4f.c' || echo './'`descriptors/dr_4f.c
libtool: compile:  gcc -DHAVE_CONFIG_H -I. -I.. -g -O2 -Wall -Werror --std=gnu99 -D_GNU_SOURCE -Wpointer-arith -Wcast-align -Wcast-qual -Wstrict-prototypes -Wshadow -Waggregate-return -Wmissing-prototypes -Wnested-externs -Wsign-compare -DDVBPSI_DIST -MT dr_4f.lo -MD -MP -MF .deps/dr_4f.Tpo -c descriptors/dr_4f.c  -fPIC -DPIC -o .libs/dr_4f.o
libtool: compile:  gcc -DHAVE_CONFIG_H -I. -I.. -g -O2 -Wall -Werror --std=gnu99 -D_GNU_SOURCE -Wpointer-arith -Wcast-align -Wcast-qual -Wstrict-prototypes -Wshadow -Waggregate-return -Wmissing-prototypes -Wnested-externs -Wsign-compare -DDVBPSI_DIST -MT dr_4f.lo -MD -MP -MF .deps/dr_4f.Tpo -c descriptors/dr_4f.c -o dr_4f.o >/dev/null 2>&1
mv -f .deps/dr_4f.Tpo .deps/dr_4f.Plo
/bin/bash ../libtool  --tag=CC   --mode=compile gcc -DHAVE_CONFIG_H -I. -I..     -g -O2 -Wall -Werror --std=gnu99 -D_GNU_SOURCE -Wpointer-arith -Wcast-align -Wcast-qual -Wstrict-prototypes -Wshadow -Waggregate-return -Wmissing-prototypes -Wnested-externs -Wsign-compare -DDVBPSI_DIST -MT dr_50.lo -MD -MP -MF .deps/dr_50.Tpo -c -o dr_50.lo `test -f 'descriptors/dr_50.c' || echo './'`descriptors/dr_50.c
libtool: compile:  gcc -DHAVE_CONFIG_H -I. -I.. -g -O2 -Wall -Werror --std=gnu99 -D_GNU_SOURCE -Wpointer-arith -Wcast-align -Wcast-qual -Wstrict-prototypes -Wshadow -Waggregate-return -Wmissing-prototypes -Wnested-externs -Wsign-compare -DDVBPSI_DIST -MT dr_50.lo -MD -MP -MF .deps/dr_50.Tpo -c descriptors/dr_50.c  -fPIC -DPIC -o .libs/dr_50.o
libtool: compile:  gcc -DHAVE_CONFIG_H -I. -I.. -g -O2 -Wall -Werror --std=gnu99 -D_GNU_SOURCE -Wpointer-arith -Wcast-align -Wcast-qual -Wstrict-prototypes -Wshadow -Waggregate-return -Wmissing-prototypes -Wnested-externs -Wsign-compare -DDVBPSI_DIST -MT dr_50.lo -MD -MP -MF .deps/dr_50.Tpo -c descriptors/dr_50.c -o dr_50.o >/dev/null 2>&1
mv -f .deps/dr_50.Tpo .deps/dr_50.Plo
/bin/bash ../libtool  --tag=CC   --mode=compile gcc -DHAVE_CONFIG_H -I. -I..     -g -O2 -Wall -Werror --std=gnu99 -D_GNU_SOURCE -Wpointer-arith -Wcast-align -Wcast-qual -Wstrict-prototypes -Wshadow -Waggregate-return -Wmissing-prototypes -Wnested-externs -Wsign-compare -DDVBPSI_DIST -MT dr_52.lo -MD -MP -MF .deps/dr_52.Tpo -c -o dr_52.lo `test -f 'descriptors/dr_52.c' || echo './'`descriptors/dr_52.c
libtool: compile:  gcc -DHAVE_CONFIG_H -I. -I.. -g -O2 -Wall -Werror --std=gnu99 -D_GNU_SOURCE -Wpointer-arith -Wcast-align -Wcast-qual -Wstrict-prototypes -Wshadow -Waggregate-return -Wmissing-prototypes -Wnested-externs -Wsign-compare -DDVBPSI_DIST -MT dr_52.lo -MD -MP -MF .deps/dr_52.Tpo -c descriptors/dr_52.c  -fPIC -DPIC -o .libs/dr_52.o
libtool: compile:  gcc -DHAVE_CONFIG_H -I. -I.. -g -O2 -Wall -Werror --std=gnu99 -D_GNU_SOURCE -Wpointer-arith -Wcast-align -Wcast-qual -Wstrict-prototypes -Wshadow -Waggregate-return -Wmissing-prototypes -Wnested-externs -Wsign-compare -DDVBPSI_DIST -MT dr_52.lo -MD -MP -MF .deps/dr_52.Tpo -c descriptors/dr_52.c -o dr_52.o >/dev/null 2>&1
mv -f .deps/dr_52.Tpo .deps/dr_52.Plo
/bin/bash ../libtool  --tag=CC   --mode=compile gcc -DHAVE_CONFIG_H -I. -I..     -g -O2 -Wall -Werror --std=gnu99 -D_GNU_SOURCE -Wpointer-arith -Wcast-align -Wcast-qual -Wstrict-prototypes -Wshadow -Waggregate-return -Wmissing-prototypes -Wnested-externs -Wsign-compare -DDVBPSI_DIST -MT dr_54.lo -MD -MP -MF .deps/dr_54.Tpo -c -o dr_54.lo `test -f 'descriptors/dr_54.c' || echo './'`descriptors/dr_54.c
libtool: compile:  gcc -DHAVE_CONFIG_H -I. -I.. -g -O2 -Wall -Werror --std=gnu99 -D_GNU_SOURCE -Wpointer-arith -Wcast-align -Wcast-qual -Wstrict-prototypes -Wshadow -Waggregate-return -Wmissing-prototypes -Wnested-externs -Wsign-compare -DDVBPSI_DIST -MT dr_54.lo -MD -MP -MF .deps/dr_54.Tpo -c descriptors/dr_54.c  -fPIC -DPIC -o .libs/dr_54.o
libtool: compile:  gcc -DHAVE_CONFIG_H -I. -I.. -g -O2 -Wall -Werror --std=gnu99 -D_GNU_SOURCE -Wpointer-arith -Wcast-align -Wcast-qual -Wstrict-prototypes -Wshadow -Waggregate-return -Wmissing-prototypes -Wnested-externs -Wsign-compare -DDVBPSI_DIST -MT dr_54.lo -MD -MP -MF .deps/dr_54.Tpo -c descriptors/dr_54.c -o dr_54.o >/dev/null 2>&1
mv -f .deps/dr_54.Tpo .deps/dr_54.Plo
/bin/bash ../libtool  --tag=CC   --mode=compile gcc -DHAVE_CONFIG_H -I. -I..     -g -O2 -Wall -Werror --std=gnu99 -D_GNU_SOURCE -Wpointer-arith -Wcast-align -Wcast-qual -Wstrict-prototypes -Wshadow -Waggregate-return -Wmissing-prototypes -Wnested-externs -Wsign-compare -DDVBPSI_DIST -MT dr_55.lo -MD -MP -MF .deps/dr_55.Tpo -c -o dr_55.lo `test -f 'descriptors/dr_55.c' || echo './'`descriptors/dr_55.c
libtool: compile:  gcc -DHAVE_CONFIG_H -I. -I.. -g -O2 -Wall -Werror --std=gnu99 -D_GNU_SOURCE -Wpointer-arith -Wcast-align -Wcast-qual -Wstrict-prototypes -Wshadow -Waggregate-return -Wmissing-prototypes -Wnested-externs -Wsign-compare -DDVBPSI_DIST -MT dr_55.lo -MD -MP -MF .deps/dr_55.Tpo -c descriptors/dr_55.c  -fPIC -DPIC -o .libs/dr_55.o
libtool: compile:  gcc -DHAVE_CONFIG_H -I. -I.. -g -O2 -Wall -Werror --std=gnu99 -D_GNU_SOURCE -Wpointer-arith -Wcast-align -Wcast-qual -Wstrict-prototypes -Wshadow -Waggregate-return -Wmissing-prototypes -Wnested-externs -Wsign-compare -DDVBPSI_DIST -MT dr_55.lo -MD -MP -MF .deps/dr_55.Tpo -c descriptors/dr_55.c -o dr_55.o >/dev/null 2>&1
mv -f .deps/dr_55.Tpo .deps/dr_55.Plo
/bin/bash ../libtool  --tag=CC   --mode=compile gcc -DHAVE_CONFIG_H -I. -I..     -g -O2 -Wall -Werror --std=gnu99 -D_GNU_SOURCE -Wpointer-arith -Wcast-align -Wcast-qual -Wstrict-prototypes -Wshadow -Waggregate-return -Wmissing-prototypes -Wnested-externs -Wsign-compare -DDVBPSI_DIST -MT dr_56.lo -MD -MP -MF .deps/dr_56.Tpo -c -o dr_56.lo `test -f 'descriptors/dr_56.c' || echo './'`descriptors/dr_56.c
libtool: compile:  gcc -DHAVE_CONFIG_H -I. -I.. -g -O2 -Wall -Werror --std=gnu99 -D_GNU_SOURCE -Wpointer-arith -Wcast-align -Wcast-qual -Wstrict-prototypes -Wshadow -Waggregate-return -Wmissing-prototypes -Wnested-externs -Wsign-compare -DDVBPSI_DIST -MT dr_56.lo -MD -MP -MF .deps/dr_56.Tpo -c descriptors/dr_56.c  -fPIC -DPIC -o .libs/dr_56.o
libtool: compile:  gcc -DHAVE_CONFIG_H -I. -I.. -g -O2 -Wall -Werror --std=gnu99 -D_GNU_SOURCE -Wpointer-arith -Wcast-align -Wcast-qual -Wstrict-prototypes -Wshadow -Waggregate-return -Wmissing-prototypes -Wnested-externs -Wsign-compare -DDVBPSI_DIST -MT dr_56.lo -MD -MP -MF .deps/dr_56.Tpo -c descriptors/dr_56.c -o dr_56.o >/dev/null 2>&1
mv -f .deps/dr_56.Tpo .deps/dr_56.Plo
/bin/bash ../libtool  --tag=CC   --mode=compile gcc -DHAVE_CONFIG_H -I. -I..     -g -O2 -Wall -Werror --std=gnu99 -D_GNU_SOURCE -Wpointer-arith -Wcast-align -Wcast-qual -Wstrict-prototypes -Wshadow -Waggregate-return -Wmissing-prototypes -Wnested-externs -Wsign-compare -DDVBPSI_DIST -MT dr_58.lo -MD -MP -MF .deps/dr_58.Tpo -c -o dr_58.lo `test -f 'descriptors/dr_58.c' || echo './'`descriptors/dr_58.c
libtool: compile:  gcc -DHAVE_CONFIG_H -I. -I.. -g -O2 -Wall -Werror --std=gnu99 -D_GNU_SOURCE -Wpointer-arith -Wcast-align -Wcast-qual -Wstrict-prototypes -Wshadow -Waggregate-return -Wmissing-prototypes -Wnested-externs -Wsign-compare -DDVBPSI_DIST -MT dr_58.lo -MD -MP -MF .deps/dr_58.Tpo -c descriptors/dr_58.c  -fPIC -DPIC -o .libs/dr_58.o
libtool: compile:  gcc -DHAVE_CONFIG_H -I. -I.. -g -O2 -Wall -Werror --std=gnu99 -D_GNU_SOURCE -Wpointer-arith -Wcast-align -Wcast-qual -Wstrict-prototypes -Wshadow -Waggregate-return -Wmissing-prototypes -Wnested-externs -Wsign-compare -DDVBPSI_DIST -MT dr_58.lo -MD -MP -MF .deps/dr_58.Tpo -c descriptors/dr_58.c -o dr_58.o >/dev/null 2>&1
mv -f .deps/dr_58.Tpo .deps/dr_58.Plo
/bin/bash ../libtool  --tag=CC   --mode=compile gcc -DHAVE_CONFIG_H -I. -I..     -g -O2 -Wall -Werror --std=gnu99 -D_GNU_SOURCE -Wpointer-arith -Wcast-align -Wcast-qual -Wstrict-prototypes -Wshadow -Waggregate-return -Wmissing-prototypes -Wnested-externs -Wsign-compare -DDVBPSI_DIST -MT dr_59.lo -MD -MP -MF .deps/dr_59.Tpo -c -o dr_59.lo `test -f 'descriptors/dr_59.c' || echo './'`descriptors/dr_59.c
libtool: compile:  gcc -DHAVE_CONFIG_H -I. -I.. -g -O2 -Wall -Werror --std=gnu99 -D_GNU_SOURCE -Wpointer-arith -Wcast-align -Wcast-qual -Wstrict-prototypes -Wshadow -Waggregate-return -Wmissing-prototypes -Wnested-externs -Wsign-compare -DDVBPSI_DIST -MT dr_59.lo -MD -MP -MF .deps/dr_59.Tpo -c descriptors/dr_59.c  -fPIC -DPIC -o .libs/dr_59.o
libtool: compile:  gcc -DHAVE_CONFIG_H -I. -I.. -g -O2 -Wall -Werror --std=gnu99 -D_GNU_SOURCE -Wpointer-arith -Wcast-align -Wcast-qual -Wstrict-prototypes -Wshadow -Waggregate-return -Wmissing-prototypes -Wnested-externs -Wsign-compare -DDVBPSI_DIST -MT dr_59.lo -MD -MP -MF .deps/dr_59.Tpo -c descriptors/dr_59.c -o dr_59.o >/dev/null 2>&1
mv -f .deps/dr_59.Tpo .deps/dr_59.Plo
/bin/bash ../libtool  --tag=CC   --mode=compile gcc -DHAVE_CONFIG_H -I. -I..     -g -O2 -Wall -Werror --std=gnu99 -D_GNU_SOURCE -Wpointer-arith -Wcast-align -Wcast-qual -Wstrict-prototypes -Wshadow -Waggregate-return -Wmissing-prototypes -Wnested-externs -Wsign-compare -DDVBPSI_DIST -MT dr_5a.lo -MD -MP -MF .deps/dr_5a.Tpo -c -o dr_5a.lo `test -f 'descriptors/dr_5a.c' || echo './'`descriptors/dr_5a.c
libtool: compile:  gcc -DHAVE_CONFIG_H -I. -I.. -g -O2 -Wall -Werror --std=gnu99 -D_GNU_SOURCE -Wpointer-arith -Wcast-align -Wcast-qual -Wstrict-prototypes -Wshadow -Waggregate-return -Wmissing-prototypes -Wnested-externs -Wsign-compare -DDVBPSI_DIST -MT dr_5a.lo -MD -MP -MF .deps/dr_5a.Tpo -c descriptors/dr_5a.c  -fPIC -DPIC -o .libs/dr_5a.o
libtool: compile:  gcc -DHAVE_CONFIG_H -I. -I.. -g -O2 -Wall -Werror --std=gnu99 -D_GNU_SOURCE -Wpointer-arith -Wcast-align -Wcast-qual -Wstrict-prototypes -Wshadow -Waggregate-return -Wmissing-prototypes -Wnested-externs -Wsign-compare -DDVBPSI_DIST -MT dr_5a.lo -MD -MP -MF .deps/dr_5a.Tpo -c descriptors/dr_5a.c -o dr_5a.o >/dev/null 2>&1
mv -f .deps/dr_5a.Tpo .deps/dr_5a.Plo
/bin/bash ../libtool  --tag=CC   --mode=compile gcc -DHAVE_CONFIG_H -I. -I..     -g -O2 -Wall -Werror --std=gnu99 -D_GNU_SOURCE -Wpointer-arith -Wcast-align -Wcast-qual -Wstrict-prototypes -Wshadow -Waggregate-return -Wmissing-prototypes -Wnested-externs -Wsign-compare -DDVBPSI_DIST -MT dr_62.lo -MD -MP -MF .deps/dr_62.Tpo -c -o dr_62.lo `test -f 'descriptors/dr_62.c' || echo './'`descriptors/dr_62.c
libtool: compile:  gcc -DHAVE_CONFIG_H -I. -I.. -g -O2 -Wall -Werror --std=gnu99 -D_GNU_SOURCE -Wpointer-arith -Wcast-align -Wcast-qual -Wstrict-prototypes -Wshadow -Waggregate-return -Wmissing-prototypes -Wnested-externs -Wsign-compare -DDVBPSI_DIST -MT dr_62.lo -MD -MP -MF .deps/dr_62.Tpo -c descriptors/dr_62.c  -fPIC -DPIC -o .libs/dr_62.o
libtool: compile:  gcc -DHAVE_CONFIG_H -I. -I.. -g -O2 -Wall -Werror --std=gnu99 -D_GNU_SOURCE -Wpointer-arith -Wcast-align -Wcast-qual -Wstrict-prototypes -Wshadow -Waggregate-return -Wmissing-prototypes -Wnested-externs -Wsign-compare -DDVBPSI_DIST -MT dr_62.lo -MD -MP -MF .deps/dr_62.Tpo -c descriptors/dr_62.c -o dr_62.o >/dev/null 2>&1
mv -f .deps/dr_62.Tpo .deps/dr_62.Plo
/bin/bash ../libtool  --tag=CC   --mode=compile gcc -DHAVE_CONFIG_H -I. -I..     -g -O2 -Wall -Werror --std=gnu99 -D_GNU_SOURCE -Wpointer-arith -Wcast-align -Wcast-qual -Wstrict-prototypes -Wshadow -Waggregate-return -Wmissing-prototypes -Wnested-externs -Wsign-compare -DDVBPSI_DIST -MT dr_66.lo -MD -MP -MF .deps/dr_66.Tpo -c -o dr_66.lo `test -f 'descriptors/dr_66.c' || echo './'`descriptors/dr_66.c
libtool: compile:  gcc -DHAVE_CONFIG_H -I. -I.. -g -O2 -Wall -Werror --std=gnu99 -D_GNU_SOURCE -Wpointer-arith -Wcast-align -Wcast-qual -Wstrict-prototypes -Wshadow -Waggregate-return -Wmissing-prototypes -Wnested-externs -Wsign-compare -DDVBPSI_DIST -MT dr_66.lo -MD -MP -MF .deps/dr_66.Tpo -c descriptors/dr_66.c  -fPIC -DPIC -o .libs/dr_66.o
libtool: compile:  gcc -DHAVE_CONFIG_H -I. -I.. -g -O2 -Wall -Werror --std=gnu99 -D_GNU_SOURCE -Wpointer-arith -Wcast-align -Wcast-qual -Wstrict-prototypes -Wshadow -Waggregate-return -Wmissing-prototypes -Wnested-externs -Wsign-compare -DDVBPSI_DIST -MT dr_66.lo -MD -MP -MF .deps/dr_66.Tpo -c descriptors/dr_66.c -o dr_66.o >/dev/null 2>&1
mv -f .deps/dr_66.Tpo .deps/dr_66.Plo
/bin/bash ../libtool  --tag=CC   --mode=compile gcc -DHAVE_CONFIG_H -I. -I..     -g -O2 -Wall -Werror --std=gnu99 -D_GNU_SOURCE -Wpointer-arith -Wcast-align -Wcast-qual -Wstrict-prototypes -Wshadow -Waggregate-return -Wmissing-prototypes -Wnested-externs -Wsign-compare -DDVBPSI_DIST -MT dr_69.lo -MD -MP -MF .deps/dr_69.Tpo -c -o dr_69.lo `test -f 'descriptors/dr_69.c' || echo './'`descriptors/dr_69.c
libtool: compile:  gcc -DHAVE_CONFIG_H -I. -I.. -g -O2 -Wall -Werror --std=gnu99 -D_GNU_SOURCE -Wpointer-arith -Wcast-align -Wcast-qual -Wstrict-prototypes -Wshadow -Waggregate-return -Wmissing-prototypes -Wnested-externs -Wsign-compare -DDVBPSI_DIST -MT dr_69.lo -MD -MP -MF .deps/dr_69.Tpo -c descriptors/dr_69.c  -fPIC -DPIC -o .libs/dr_69.o
libtool: compile:  gcc -DHAVE_CONFIG_H -I. -I.. -g -O2 -Wall -Werror --std=gnu99 -D_GNU_SOURCE -Wpointer-arith -Wcast-align -Wcast-qual -Wstrict-prototypes -Wshadow -Waggregate-return -Wmissing-prototypes -Wnested-externs -Wsign-compare -DDVBPSI_DIST -MT dr_69.lo -MD -MP -MF .deps/dr_69.Tpo -c descriptors/dr_69.c -o dr_69.o >/dev/null 2>&1
mv -f .deps/dr_69.Tpo .deps/dr_69.Plo
/bin/bash ../libtool  --tag=CC   --mode=compile gcc -DHAVE_CONFIG_H -I. -I..     -g -O2 -Wall -Werror --std=gnu99 -D_GNU_SOURCE -Wpointer-arith -Wcast-align -Wcast-qual -Wstrict-prototypes -Wshadow -Waggregate-return -Wmissing-prototypes -Wnested-externs -Wsign-compare -DDVBPSI_DIST -MT dr_73.lo -MD -MP -MF .deps/dr_73.Tpo -c -o dr_73.lo `test -f 'descriptors/dr_73.c' || echo './'`descriptors/dr_73.c
libtool: compile:  gcc -DHAVE_CONFIG_H -I. -I.. -g -O2 -Wall -Werror --std=gnu99 -D_GNU_SOURCE -Wpointer-arith -Wcast-align -Wcast-qual -Wstrict-prototypes -Wshadow -Waggregate-return -Wmissing-prototypes -Wnested-externs -Wsign-compare -DDVBPSI_DIST -MT dr_73.lo -MD -MP -MF .deps/dr_73.Tpo -c descriptors/dr_73.c  -fPIC -DPIC -o .libs/dr_73.o
libtool: compile:  gcc -DHAVE_CONFIG_H -I. -I.. -g -O2 -Wall -Werror --std=gnu99 -D_GNU_SOURCE -Wpointer-arith -Wcast-align -Wcast-qual -Wstrict-prototypes -Wshadow -Waggregate-return -Wmissing-prototypes -Wnested-externs -Wsign-compare -DDVBPSI_DIST -MT dr_73.lo -MD -MP -MF .deps/dr_73.Tpo -c descriptors/dr_73.c -o dr_73.o >/dev/null 2>&1
mv -f .deps/dr_73.Tpo .deps/dr_73.Plo
/bin/bash ../libtool  --tag=CC   --mode=compile gcc -DHAVE_CONFIG_H -I. -I..     -g -O2 -Wall -Werror --std=gnu99 -D_GNU_SOURCE -Wpointer-arith -Wcast-align -Wcast-qual -Wstrict-prototypes -Wshadow -Waggregate-return -Wmissing-prototypes -Wnested-externs -Wsign-compare -DDVBPSI_DIST -MT dr_76.lo -MD -MP -MF .deps/dr_76.Tpo -c -o dr_76.lo `test -f 'descriptors/dr_76.c' || echo './'`descriptors/dr_76.c
libtool: compile:  gcc -DHAVE_CONFIG_H -I. -I.. -g -O2 -Wall -Werror --std=gnu99 -D_GNU_SOURCE -Wpointer-arith -Wcast-align -Wcast-qual -Wstrict-prototypes -Wshadow -Waggregate-return -Wmissing-prototypes -Wnested-externs -Wsign-compare -DDVBPSI_DIST -MT dr_76.lo -MD -MP -MF .deps/dr_76.Tpo -c descriptors/dr_76.c  -fPIC -DPIC -o .libs/dr_76.o
libtool: compile:  gcc -DHAVE_CONFIG_H -I. -I.. -g -O2 -Wall -Werror --std=gnu99 -D_GNU_SOURCE -Wpointer-arith -Wcast-align -Wcast-qual -Wstrict-prototypes -Wshadow -Waggregate-return -Wmissing-prototypes -Wnested-externs -Wsign-compare -DDVBPSI_DIST -MT dr_76.lo -MD -MP -MF .deps/dr_76.Tpo -c descriptors/dr_76.c -o dr_76.o >/dev/null 2>&1
mv -f .deps/dr_76.Tpo .deps/dr_76.Plo
/bin/bash ../libtool  --tag=CC   --mode=compile gcc -DHAVE_CONFIG_H -I. -I..     -g -O2 -Wall -Werror --std=gnu99 -D_GNU_SOURCE -Wpointer-arith -Wcast-align -Wcast-qual -Wstrict-prototypes -Wshadow -Waggregate-return -Wmissing-prototypes -Wnested-externs -Wsign-compare -DDVBPSI_DIST -MT dr_7c.lo -MD -MP -MF .deps/dr_7c.Tpo -c -o dr_7c.lo `test -f 'descriptors/dr_7c.c' || echo './'`descriptors/dr_7c.c
libtool: compile:  gcc -DHAVE_CONFIG_H -I. -I.. -g -O2 -Wall -Werror --std=gnu99 -D_GNU_SOURCE -Wpointer-arith -Wcast-align -Wcast-qual -Wstrict-prototypes -Wshadow -Waggregate-return -Wmissing-prototypes -Wnested-externs -Wsign-compare -DDVBPSI_DIST -MT dr_7c.lo -MD -MP -MF .deps/dr_7c.Tpo -c descriptors/dr_7c.c  -fPIC -DPIC -o .libs/dr_7c.o
libtool: compile:  gcc -DHAVE_CONFIG_H -I. -I.. -g -O2 -Wall -Werror --std=gnu99 -D_GNU_SOURCE -Wpointer-arith -Wcast-align -Wcast-qual -Wstrict-prototypes -Wshadow -Waggregate-return -Wmissing-prototypes -Wnested-externs -Wsign-compare -DDVBPSI_DIST -MT dr_7c.lo -MD -MP -MF .deps/dr_7c.Tpo -c descriptors/dr_7c.c -o dr_7c.o >/dev/null 2>&1
mv -f .deps/dr_7c.Tpo .deps/dr_7c.Plo
/bin/bash ../libtool  --tag=CC   --mode=compile gcc -DHAVE_CONFIG_H -I. -I..     -g -O2 -Wall -Werror --std=gnu99 -D_GNU_SOURCE -Wpointer-arith -Wcast-align -Wcast-qual -Wstrict-prototypes -Wshadow -Waggregate-return -Wmissing-prototypes -Wnested-externs -Wsign-compare -DDVBPSI_DIST -MT dr_83.lo -MD -MP -MF .deps/dr_83.Tpo -c -o dr_83.lo `test -f 'descriptors/dr_83.c' || echo './'`descriptors/dr_83.c
libtool: compile:  gcc -DHAVE_CONFIG_H -I. -I.. -g -O2 -Wall -Werror --std=gnu99 -D_GNU_SOURCE -Wpointer-arith -Wcast-align -Wcast-qual -Wstrict-prototypes -Wshadow -Waggregate-return -Wmissing-prototypes -Wnested-externs -Wsign-compare -DDVBPSI_DIST -MT dr_83.lo -MD -MP -MF .deps/dr_83.Tpo -c descriptors/dr_83.c  -fPIC -DPIC -o .libs/dr_83.o
libtool: compile:  gcc -DHAVE_CONFIG_H -I. -I.. -g -O2 -Wall -Werror --std=gnu99 -D_GNU_SOURCE -Wpointer-arith -Wcast-align -Wcast-qual -Wstrict-prototypes -Wshadow -Waggregate-return -Wmissing-prototypes -Wnested-externs -Wsign-compare -DDVBPSI_DIST -MT dr_83.lo -MD -MP -MF .deps/dr_83.Tpo -c descriptors/dr_83.c -o dr_83.o >/dev/null 2>&1
mv -f .deps/dr_83.Tpo .deps/dr_83.Plo
/bin/bash ../libtool  --tag=CC   --mode=compile gcc -DHAVE_CONFIG_H -I. -I..     -g -O2 -Wall -Werror --std=gnu99 -D_GNU_SOURCE -Wpointer-arith -Wcast-align -Wcast-qual -Wstrict-prototypes -Wshadow -Waggregate-return -Wmissing-prototypes -Wnested-externs -Wsign-compare -DDVBPSI_DIST -MT dr_8a.lo -MD -MP -MF .deps/dr_8a.Tpo -c -o dr_8a.lo `test -f 'descriptors/dr_8a.c' || echo './'`descriptors/dr_8a.c
libtool: compile:  gcc -DHAVE_CONFIG_H -I. -I.. -g -O2 -Wall -Werror --std=gnu99 -D_GNU_SOURCE -Wpointer-arith -Wcast-align -Wcast-qual -Wstrict-prototypes -Wshadow -Waggregate-return -Wmissing-prototypes -Wnested-externs -Wsign-compare -DDVBPSI_DIST -MT dr_8a.lo -MD -MP -MF .deps/dr_8a.Tpo -c descriptors/dr_8a.c  -fPIC -DPIC -o .libs/dr_8a.o
libtool: compile:  gcc -DHAVE_CONFIG_H -I. -I.. -g -O2 -Wall -Werror --std=gnu99 -D_GNU_SOURCE -Wpointer-arith -Wcast-align -Wcast-qual -Wstrict-prototypes -Wshadow -Waggregate-return -Wmissing-prototypes -Wnested-externs -Wsign-compare -DDVBPSI_DIST -MT dr_8a.lo -MD -MP -MF .deps/dr_8a.Tpo -c descriptors/dr_8a.c -o dr_8a.o >/dev/null 2>&1
mv -f .deps/dr_8a.Tpo .deps/dr_8a.Plo
/bin/bash ../libtool --tag=CC   --mode=link gcc  -g -O2 -Wall -Werror --std=gnu99 -D_GNU_SOURCE -Wpointer-arith -Wcast-align -Wcast-qual -Wstrict-prototypes -Wshadow -Waggregate-return -Wmissing-prototypes -Wnested-externs -Wsign-compare -DDVBPSI_DIST -version-info 9:0:0 -no-undefined  -o libdvbpsi.la -rpath /usr/local/lib dvbpsi.lo psi.lo demux.lo descriptor.lo pat.lo pmt.lo sdt.lo eit.lo cat.lo nit.lo tot.lo sis.lo bat.lo rst.lo atsc_vct.lo atsc_stt.lo atsc_eit.lo atsc_ett.lo atsc_mgt.lo dr_02.lo dr_03.lo dr_04.lo dr_05.lo dr_06.lo dr_07.lo dr_08.lo dr_09.lo dr_0a.lo dr_0b.lo dr_0c.lo dr_0d.lo dr_0e.lo dr_0f.lo dr_13.lo dr_14.lo dr_40.lo dr_41.lo dr_42.lo dr_43.lo dr_44.lo dr_45.lo dr_47.lo dr_48.lo dr_49.lo dr_4a.lo dr_4b.lo dr_4d.lo dr_4e.lo dr_4f.lo dr_50.lo dr_52.lo dr_54.lo dr_55.lo dr_56.lo dr_58.lo dr_59.lo dr_5a.lo dr_62.lo dr_66.lo dr_69.lo dr_73.lo dr_76.lo dr_7c.lo dr_83.lo dr_8a.lo  
libtool: link: gcc -shared  -fPIC -DPIC  .libs/dvbpsi.o .libs/psi.o .libs/demux.o .libs/descriptor.o .libs/pat.o .libs/pmt.o .libs/sdt.o .libs/eit.o .libs/cat.o .libs/nit.o .libs/tot.o .libs/sis.o .libs/bat.o .libs/rst.o .libs/atsc_vct.o .libs/atsc_stt.o .libs/atsc_eit.o .libs/atsc_ett.o .libs/atsc_mgt.o .libs/dr_02.o .libs/dr_03.o .libs/dr_04.o .libs/dr_05.o .libs/dr_06.o .libs/dr_07.o .libs/dr_08.o .libs/dr_09.o .libs/dr_0a.o .libs/dr_0b.o .libs/dr_0c.o .libs/dr_0d.o .libs/dr_0e.o .libs/dr_0f.o .libs/dr_13.o .libs/dr_14.o .libs/dr_40.o .libs/dr_41.o .libs/dr_42.o .libs/dr_43.o .libs/dr_44.o .libs/dr_45.o .libs/dr_47.o .libs/dr_48.o .libs/dr_49.o .libs/dr_4a.o .libs/dr_4b.o .libs/dr_4d.o .libs/dr_4e.o .libs/dr_4f.o .libs/dr_50.o .libs/dr_52.o .libs/dr_54.o .libs/dr_55.o .libs/dr_56.o .libs/dr_58.o .libs/dr_59.o .libs/dr_5a.o .libs/dr_62.o .libs/dr_66.o .libs/dr_69.o .libs/dr_73.o .libs/dr_76.o .libs/dr_7c.o .libs/dr_83.o .libs/dr_8a.o    -O2   -Wl,-soname -Wl,libdvbpsi.so.9 -o .libs/libdvbpsi.so.9.0.0
libtool: link: (cd ".libs" && rm -f "libdvbpsi.so.9" && ln -s "libdvbpsi.so.9.0.0" "libdvbpsi.so.9")
libtool: link: (cd ".libs" && rm -f "libdvbpsi.so" && ln -s "libdvbpsi.so.9.0.0" "libdvbpsi.so")
libtool: link: ar cru .libs/libdvbpsi.a  dvbpsi.o psi.o demux.o descriptor.o pat.o pmt.o sdt.o eit.o cat.o nit.o tot.o sis.o bat.o rst.o atsc_vct.o atsc_stt.o atsc_eit.o atsc_ett.o atsc_mgt.o dr_02.o dr_03.o dr_04.o dr_05.o dr_06.o dr_07.o dr_08.o dr_09.o dr_0a.o dr_0b.o dr_0c.o dr_0d.o dr_0e.o dr_0f.o dr_13.o dr_14.o dr_40.o dr_41.o dr_42.o dr_43.o dr_44.o dr_45.o dr_47.o dr_48.o dr_49.o dr_4a.o dr_4b.o dr_4d.o dr_4e.o dr_4f.o dr_50.o dr_52.o dr_54.o dr_55.o dr_56.o dr_58.o dr_59.o dr_5a.o dr_62.o dr_66.o dr_69.o dr_73.o dr_76.o dr_7c.o dr_83.o dr_8a.o
libtool: link: ranlib .libs/libdvbpsi.a
libtool: link: ( cd ".libs" && rm -f "libdvbpsi.la" && ln -s "../libdvbpsi.la" "libdvbpsi.la" )
make[2]: Leaving directory `/home/chevy/dvb/libdvbpsi-1.1.2/src'
Making all in examples
make[2]: Entering directory `/home/chevy/dvb/libdvbpsi-1.1.2/examples'
Making all in dvbinfo
make[3]: Entering directory `/home/chevy/dvb/libdvbpsi-1.1.2/examples/dvbinfo'
gcc -DHAVE_CONFIG_H -I. -I../..  -D_FILE_OFFSET_BITS=64 -DDVBPSI_DIST   -g -O2 -Wall -Werror --std=gnu99 -D_GNU_SOURCE -Wpointer-arith -Wcast-align -Wcast-qual -Wstrict-prototypes -Wshadow -Waggregate-return -Wmissing-prototypes -Wnested-externs -Wsign-compare -DDVBPSI_DIST -MT dvbinfo-dvbinfo.o -MD -MP -MF .deps/dvbinfo-dvbinfo.Tpo -c -o dvbinfo-dvbinfo.o `test -f 'dvbinfo.c' || echo './'`dvbinfo.c
mv -f .deps/dvbinfo-dvbinfo.Tpo .deps/dvbinfo-dvbinfo.Po
gcc -DHAVE_CONFIG_H -I. -I../..  -D_FILE_OFFSET_BITS=64 -DDVBPSI_DIST   -g -O2 -Wall -Werror --std=gnu99 -D_GNU_SOURCE -Wpointer-arith -Wcast-align -Wcast-qual -Wstrict-prototypes -Wshadow -Waggregate-return -Wmissing-prototypes -Wnested-externs -Wsign-compare -DDVBPSI_DIST -MT dvbinfo-libdvbpsi.o -MD -MP -MF .deps/dvbinfo-libdvbpsi.Tpo -c -o dvbinfo-libdvbpsi.o `test -f 'libdvbpsi.c' || echo './'`libdvbpsi.c
mv -f .deps/dvbinfo-libdvbpsi.Tpo .deps/dvbinfo-libdvbpsi.Po
gcc -DHAVE_CONFIG_H -I. -I../..  -D_FILE_OFFSET_BITS=64 -DDVBPSI_DIST   -g -O2 -Wall -Werror --std=gnu99 -D_GNU_SOURCE -Wpointer-arith -Wcast-align -Wcast-qual -Wstrict-prototypes -Wshadow -Waggregate-return -Wmissing-prototypes -Wnested-externs -Wsign-compare -DDVBPSI_DIST -MT dvbinfo-buffer.o -MD -MP -MF .deps/dvbinfo-buffer.Tpo -c -o dvbinfo-buffer.o `test -f 'buffer.c' || echo './'`buffer.c
mv -f .deps/dvbinfo-buffer.Tpo .deps/dvbinfo-buffer.Po
gcc -DHAVE_CONFIG_H -I. -I../..  -D_FILE_OFFSET_BITS=64 -DDVBPSI_DIST   -g -O2 -Wall -Werror --std=gnu99 -D_GNU_SOURCE -Wpointer-arith -Wcast-align -Wcast-qual -Wstrict-prototypes -Wshadow -Waggregate-return -Wmissing-prototypes -Wnested-externs -Wsign-compare -DDVBPSI_DIST -MT dvbinfo-tcp.o -MD -MP -MF .deps/dvbinfo-tcp.Tpo -c -o dvbinfo-tcp.o `test -f 'tcp.c' || echo './'`tcp.c
mv -f .deps/dvbinfo-tcp.Tpo .deps/dvbinfo-tcp.Po
gcc -DHAVE_CONFIG_H -I. -I../..  -D_FILE_OFFSET_BITS=64 -DDVBPSI_DIST   -g -O2 -Wall -Werror --std=gnu99 -D_GNU_SOURCE -Wpointer-arith -Wcast-align -Wcast-qual -Wstrict-prototypes -Wshadow -Waggregate-return -Wmissing-prototypes -Wnested-externs -Wsign-compare -DDVBPSI_DIST -MT dvbinfo-udp.o -MD -MP -MF .deps/dvbinfo-udp.Tpo -c -o dvbinfo-udp.o `test -f 'udp.c' || echo './'`udp.c
mv -f .deps/dvbinfo-udp.Tpo .deps/dvbinfo-udp.Po
/bin/bash ../../libtool --tag=CC   --mode=link gcc  -g -O2 -Wall -Werror --std=gnu99 -D_GNU_SOURCE -Wpointer-arith -Wcast-align -Wcast-qual -Wstrict-prototypes -Wshadow -Waggregate-return -Wmissing-prototypes -Wnested-externs -Wsign-compare -DDVBPSI_DIST -L../../src -ldvbpsi -pthread -lm  -o dvbinfo dvbinfo-dvbinfo.o dvbinfo-libdvbpsi.o dvbinfo-buffer.o dvbinfo-tcp.o dvbinfo-udp.o  
libtool: link: gcc -g -O2 -Wall -Werror --std=gnu99 -D_GNU_SOURCE -Wpointer-arith -Wcast-align -Wcast-qual -Wstrict-prototypes -Wshadow -Waggregate-return -Wmissing-prototypes -Wnested-externs -Wsign-compare -DDVBPSI_DIST -pthread -o .libs/dvbinfo dvbinfo-dvbinfo.o dvbinfo-libdvbpsi.o dvbinfo-buffer.o dvbinfo-tcp.o dvbinfo-udp.o  -L../../src /home/chevy/dvb/libdvbpsi-1.1.2/src/.libs/libdvbpsi.so -lm -pthread
make[3]: Leaving directory `/home/chevy/dvb/libdvbpsi-1.1.2/examples/dvbinfo'
make[3]: Entering directory `/home/chevy/dvb/libdvbpsi-1.1.2/examples'
gcc -DHAVE_CONFIG_H -I. -I..  -DDVBPSI_DIST   -g -O2 -Wall -Werror --std=gnu99 -D_GNU_SOURCE -Wpointer-arith -Wcast-align -Wcast-qual -Wstrict-prototypes -Wshadow -Waggregate-return -Wmissing-prototypes -Wnested-externs -Wsign-compare -DDVBPSI_DIST -MT decode_pat-decode_pat.o -MD -MP -MF .deps/decode_pat-decode_pat.Tpo -c -o decode_pat-decode_pat.o `test -f 'decode_pat.c' || echo './'`decode_pat.c
mv -f .deps/decode_pat-decode_pat.Tpo .deps/decode_pat-decode_pat.Po
/bin/bash ../libtool --tag=CC   --mode=link gcc  -g -O2 -Wall -Werror --std=gnu99 -D_GNU_SOURCE -Wpointer-arith -Wcast-align -Wcast-qual -Wstrict-prototypes -Wshadow -Waggregate-return -Wmissing-prototypes -Wnested-externs -Wsign-compare -DDVBPSI_DIST -L../src -ldvbpsi  -o decode_pat decode_pat-decode_pat.o  
libtool: link: gcc -g -O2 -Wall -Werror --std=gnu99 -D_GNU_SOURCE -Wpointer-arith -Wcast-align -Wcast-qual -Wstrict-prototypes -Wshadow -Waggregate-return -Wmissing-prototypes -Wnested-externs -Wsign-compare -DDVBPSI_DIST -o .libs/decode_pat decode_pat-decode_pat.o  -L../src /home/chevy/dvb/libdvbpsi-1.1.2/src/.libs/libdvbpsi.so
gcc -DHAVE_CONFIG_H -I. -I..  -DDVBPSI_DIST   -g -O2 -Wall -Werror --std=gnu99 -D_GNU_SOURCE -Wpointer-arith -Wcast-align -Wcast-qual -Wstrict-prototypes -Wshadow -Waggregate-return -Wmissing-prototypes -Wnested-externs -Wsign-compare -DDVBPSI_DIST -MT decode_pmt-decode_pmt.o -MD -MP -MF .deps/decode_pmt-decode_pmt.Tpo -c -o decode_pmt-decode_pmt.o `test -f 'decode_pmt.c' || echo './'`decode_pmt.c
mv -f .deps/decode_pmt-decode_pmt.Tpo .deps/decode_pmt-decode_pmt.Po
/bin/bash ../libtool --tag=CC   --mode=link gcc  -g -O2 -Wall -Werror --std=gnu99 -D_GNU_SOURCE -Wpointer-arith -Wcast-align -Wcast-qual -Wstrict-prototypes -Wshadow -Waggregate-return -Wmissing-prototypes -Wnested-externs -Wsign-compare -DDVBPSI_DIST -L../src -ldvbpsi -lm  -o decode_pmt decode_pmt-decode_pmt.o  
libtool: link: gcc -g -O2 -Wall -Werror --std=gnu99 -D_GNU_SOURCE -Wpointer-arith -Wcast-align -Wcast-qual -Wstrict-prototypes -Wshadow -Waggregate-return -Wmissing-prototypes -Wnested-externs -Wsign-compare -DDVBPSI_DIST -o .libs/decode_pmt decode_pmt-decode_pmt.o  -L../src /home/chevy/dvb/libdvbpsi-1.1.2/src/.libs/libdvbpsi.so -lm
gcc -DHAVE_CONFIG_H -I. -I..  -DDVBPSI_DIST   -g -O2 -Wall -Werror --std=gnu99 -D_GNU_SOURCE -Wpointer-arith -Wcast-align -Wcast-qual -Wstrict-prototypes -Wshadow -Waggregate-return -Wmissing-prototypes -Wnested-externs -Wsign-compare -DDVBPSI_DIST -MT get_pcr_pid-get_pcr_pid.o -MD -MP -MF .deps/get_pcr_pid-get_pcr_pid.Tpo -c -o get_pcr_pid-get_pcr_pid.o `test -f 'get_pcr_pid.c' || echo './'`get_pcr_pid.c
mv -f .deps/get_pcr_pid-get_pcr_pid.Tpo .deps/get_pcr_pid-get_pcr_pid.Po
/bin/bash ../libtool --tag=CC   --mode=link gcc  -g -O2 -Wall -Werror --std=gnu99 -D_GNU_SOURCE -Wpointer-arith -Wcast-align -Wcast-qual -Wstrict-prototypes -Wshadow -Waggregate-return -Wmissing-prototypes -Wnested-externs -Wsign-compare -DDVBPSI_DIST -L../src -ldvbpsi -lm  -o get_pcr_pid get_pcr_pid-get_pcr_pid.o  
libtool: link: gcc -g -O2 -Wall -Werror --std=gnu99 -D_GNU_SOURCE -Wpointer-arith -Wcast-align -Wcast-qual -Wstrict-prototypes -Wshadow -Waggregate-return -Wmissing-prototypes -Wnested-externs -Wsign-compare -DDVBPSI_DIST -o .libs/get_pcr_pid get_pcr_pid-get_pcr_pid.o  -L../src /home/chevy/dvb/libdvbpsi-1.1.2/src/.libs/libdvbpsi.so -lm
gcc -DHAVE_CONFIG_H -I. -I..  -DDVBPSI_DIST   -g -O2 -Wall -Werror --std=gnu99 -D_GNU_SOURCE -Wpointer-arith -Wcast-align -Wcast-qual -Wstrict-prototypes -Wshadow -Waggregate-return -Wmissing-prototypes -Wnested-externs -Wsign-compare -DDVBPSI_DIST -MT decode_sdt-decode_sdt.o -MD -MP -MF .deps/decode_sdt-decode_sdt.Tpo -c -o decode_sdt-decode_sdt.o `test -f 'decode_sdt.c' || echo './'`decode_sdt.c
mv -f .deps/decode_sdt-decode_sdt.Tpo .deps/decode_sdt-decode_sdt.Po
/bin/bash ../libtool --tag=CC   --mode=link gcc  -g -O2 -Wall -Werror --std=gnu99 -D_GNU_SOURCE -Wpointer-arith -Wcast-align -Wcast-qual -Wstrict-prototypes -Wshadow -Waggregate-return -Wmissing-prototypes -Wnested-externs -Wsign-compare -DDVBPSI_DIST -L../src -ldvbpsi  -o decode_sdt decode_sdt-decode_sdt.o  
libtool: link: gcc -g -O2 -Wall -Werror --std=gnu99 -D_GNU_SOURCE -Wpointer-arith -Wcast-align -Wcast-qual -Wstrict-prototypes -Wshadow -Waggregate-return -Wmissing-prototypes -Wnested-externs -Wsign-compare -DDVBPSI_DIST -o .libs/decode_sdt decode_sdt-decode_sdt.o  -L../src /home/chevy/dvb/libdvbpsi-1.1.2/src/.libs/libdvbpsi.so
gcc -DHAVE_CONFIG_H -I. -I..  -D_FILE_OFFSET_BITS=64 -DDVBPSI_DIST   -g -O2 -Wall -Werror --std=gnu99 -D_GNU_SOURCE -Wpointer-arith -Wcast-align -Wcast-qual -Wstrict-prototypes -Wshadow -Waggregate-return -Wmissing-prototypes -Wnested-externs -Wsign-compare -DDVBPSI_DIST -MT decode_mpeg-decode_mpeg.o -MD -MP -MF .deps/decode_mpeg-decode_mpeg.Tpo -c -o decode_mpeg-decode_mpeg.o `test -f 'decode_mpeg.c' || echo './'`decode_mpeg.c
mv -f .deps/decode_mpeg-decode_mpeg.Tpo .deps/decode_mpeg-decode_mpeg.Po
gcc -DHAVE_CONFIG_H -I. -I..  -D_FILE_OFFSET_BITS=64 -DDVBPSI_DIST   -g -O2 -Wall -Werror --std=gnu99 -D_GNU_SOURCE -Wpointer-arith -Wcast-align -Wcast-qual -Wstrict-prototypes -Wshadow -Waggregate-return -Wmissing-prototypes -Wnested-externs -Wsign-compare -DDVBPSI_DIST -MT decode_mpeg-connect.o -MD -MP -MF .deps/decode_mpeg-connect.Tpo -c -o decode_mpeg-connect.o `test -f 'connect.c' || echo './'`connect.c
mv -f .deps/decode_mpeg-connect.Tpo .deps/decode_mpeg-connect.Po
/bin/bash ../libtool --tag=CC   --mode=link gcc  -g -O2 -Wall -Werror --std=gnu99 -D_GNU_SOURCE -Wpointer-arith -Wcast-align -Wcast-qual -Wstrict-prototypes -Wshadow -Waggregate-return -Wmissing-prototypes -Wnested-externs -Wsign-compare -DDVBPSI_DIST -L../src -ldvbpsi -lm  -o decode_mpeg decode_mpeg-decode_mpeg.o decode_mpeg-connect.o  
libtool: link: gcc -g -O2 -Wall -Werror --std=gnu99 -D_GNU_SOURCE -Wpointer-arith -Wcast-align -Wcast-qual -Wstrict-prototypes -Wshadow -Waggregate-return -Wmissing-prototypes -Wnested-externs -Wsign-compare -DDVBPSI_DIST -o .libs/decode_mpeg decode_mpeg-decode_mpeg.o decode_mpeg-connect.o  -L../src /home/chevy/dvb/libdvbpsi-1.1.2/src/.libs/libdvbpsi.so -lm
gcc -DHAVE_CONFIG_H -I. -I..  -DDVBPSI_DIST   -g -O2 -Wall -Werror --std=gnu99 -D_GNU_SOURCE -Wpointer-arith -Wcast-align -Wcast-qual -Wstrict-prototypes -Wshadow -Waggregate-return -Wmissing-prototypes -Wnested-externs -Wsign-compare -DDVBPSI_DIST -MT decode_bat-decode_bat.o -MD -MP -MF .deps/decode_bat-decode_bat.Tpo -c -o decode_bat-decode_bat.o `test -f 'decode_bat.c' || echo './'`decode_bat.c
mv -f .deps/decode_bat-decode_bat.Tpo .deps/decode_bat-decode_bat.Po
/bin/bash ../libtool --tag=CC   --mode=link gcc  -g -O2 -Wall -Werror --std=gnu99 -D_GNU_SOURCE -Wpointer-arith -Wcast-align -Wcast-qual -Wstrict-prototypes -Wshadow -Waggregate-return -Wmissing-prototypes -Wnested-externs -Wsign-compare -DDVBPSI_DIST -L../src -ldvbpsi  -o decode_bat decode_bat-decode_bat.o  
libtool: link: gcc -g -O2 -Wall -Werror --std=gnu99 -D_GNU_SOURCE -Wpointer-arith -Wcast-align -Wcast-qual -Wstrict-prototypes -Wshadow -Waggregate-return -Wmissing-prototypes -Wnested-externs -Wsign-compare -DDVBPSI_DIST -o .libs/decode_bat decode_bat-decode_bat.o  -L../src /home/chevy/dvb/libdvbpsi-1.1.2/src/.libs/libdvbpsi.so
make[3]: Leaving directory `/home/chevy/dvb/libdvbpsi-1.1.2/examples'
make[2]: Leaving directory `/home/chevy/dvb/libdvbpsi-1.1.2/examples'
Making all in misc
make[2]: Entering directory `/home/chevy/dvb/libdvbpsi-1.1.2/misc'
gcc -DHAVE_CONFIG_H -I. -I..     -g -O2 -Wall -Werror --std=gnu99 -D_GNU_SOURCE -Wpointer-arith -Wcast-align -Wcast-qual -Wstrict-prototypes -Wshadow -Waggregate-return -Wmissing-prototypes -Wnested-externs -Wsign-compare -DDVBPSI_DIST -MT gen_crc.o -MD -MP -MF .deps/gen_crc.Tpo -c -o gen_crc.o gen_crc.c
mv -f .deps/gen_crc.Tpo .deps/gen_crc.Po
/bin/bash ../libtool --tag=CC   --mode=link gcc  -g -O2 -Wall -Werror --std=gnu99 -D_GNU_SOURCE -Wpointer-arith -Wcast-align -Wcast-qual -Wstrict-prototypes -Wshadow -Waggregate-return -Wmissing-prototypes -Wnested-externs -Wsign-compare -DDVBPSI_DIST   -o gen_crc gen_crc.o  
libtool: link: gcc -g -O2 -Wall -Werror --std=gnu99 -D_GNU_SOURCE -Wpointer-arith -Wcast-align -Wcast-qual -Wstrict-prototypes -Wshadow -Waggregate-return -Wmissing-prototypes -Wnested-externs -Wsign-compare -DDVBPSI_DIST -o gen_crc gen_crc.o 
gcc -DHAVE_CONFIG_H -I. -I..  -DDVBPSI_DIST   -g -O2 -Wall -Werror --std=gnu99 -D_GNU_SOURCE -Wpointer-arith -Wcast-align -Wcast-qual -Wstrict-prototypes -Wshadow -Waggregate-return -Wmissing-prototypes -Wnested-externs -Wsign-compare -DDVBPSI_DIST -MT gen_pat-gen_pat.o -MD -MP -MF .deps/gen_pat-gen_pat.Tpo -c -o gen_pat-gen_pat.o `test -f 'gen_pat.c' || echo './'`gen_pat.c
mv -f .deps/gen_pat-gen_pat.Tpo .deps/gen_pat-gen_pat.Po
/bin/bash ../libtool --tag=CC   --mode=link gcc  -g -O2 -Wall -Werror --std=gnu99 -D_GNU_SOURCE -Wpointer-arith -Wcast-align -Wcast-qual -Wstrict-prototypes -Wshadow -Waggregate-return -Wmissing-prototypes -Wnested-externs -Wsign-compare -DDVBPSI_DIST -L../src -ldvbpsi  -o gen_pat gen_pat-gen_pat.o  
libtool: link: gcc -g -O2 -Wall -Werror --std=gnu99 -D_GNU_SOURCE -Wpointer-arith -Wcast-align -Wcast-qual -Wstrict-prototypes -Wshadow -Waggregate-return -Wmissing-prototypes -Wnested-externs -Wsign-compare -DDVBPSI_DIST -o .libs/gen_pat gen_pat-gen_pat.o  -L../src /home/chevy/dvb/libdvbpsi-1.1.2/src/.libs/libdvbpsi.so
gcc -DHAVE_CONFIG_H -I. -I..  -DDVBPSI_DIST   -g -O2 -Wall -Werror --std=gnu99 -D_GNU_SOURCE -Wpointer-arith -Wcast-align -Wcast-qual -Wstrict-prototypes -Wshadow -Waggregate-return -Wmissing-prototypes -Wnested-externs -Wsign-compare -DDVBPSI_DIST -MT gen_pmt-gen_pmt.o -MD -MP -MF .deps/gen_pmt-gen_pmt.Tpo -c -o gen_pmt-gen_pmt.o `test -f 'gen_pmt.c' || echo './'`gen_pmt.c
mv -f .deps/gen_pmt-gen_pmt.Tpo .deps/gen_pmt-gen_pmt.Po
/bin/bash ../libtool --tag=CC   --mode=link gcc  -g -O2 -Wall -Werror --std=gnu99 -D_GNU_SOURCE -Wpointer-arith -Wcast-align -Wcast-qual -Wstrict-prototypes -Wshadow -Waggregate-return -Wmissing-prototypes -Wnested-externs -Wsign-compare -DDVBPSI_DIST -L../src -ldvbpsi  -o gen_pmt gen_pmt-gen_pmt.o  
libtool: link: gcc -g -O2 -Wall -Werror --std=gnu99 -D_GNU_SOURCE -Wpointer-arith -Wcast-align -Wcast-qual -Wstrict-prototypes -Wshadow -Waggregate-return -Wmissing-prototypes -Wnested-externs -Wsign-compare -DDVBPSI_DIST -o .libs/gen_pmt gen_pmt-gen_pmt.o  -L../src /home/chevy/dvb/libdvbpsi-1.1.2/src/.libs/libdvbpsi.so
gcc -DHAVE_CONFIG_H -I. -I..  -DDVBPSI_DIST   -g -O2 -Wall -Werror --std=gnu99 -D_GNU_SOURCE -Wpointer-arith -Wcast-align -Wcast-qual -Wstrict-prototypes -Wshadow -Waggregate-return -Wmissing-prototypes -Wnested-externs -Wsign-compare -DDVBPSI_DIST -MT test_dr-test_dr.o -MD -MP -MF .deps/test_dr-test_dr.Tpo -c -o test_dr-test_dr.o `test -f 'test_dr.c' || echo './'`test_dr.c
mv -f .deps/test_dr-test_dr.Tpo .deps/test_dr-test_dr.Po
/bin/bash ../libtool --tag=CC   --mode=link gcc  -g -O2 -Wall -Werror --std=gnu99 -D_GNU_SOURCE -Wpointer-arith -Wcast-align -Wcast-qual -Wstrict-prototypes -Wshadow -Waggregate-return -Wmissing-prototypes -Wnested-externs -Wsign-compare -DDVBPSI_DIST -L../src -ldvbpsi  -o test_dr test_dr-test_dr.o  
libtool: link: gcc -g -O2 -Wall -Werror --std=gnu99 -D_GNU_SOURCE -Wpointer-arith -Wcast-align -Wcast-qual -Wstrict-prototypes -Wshadow -Waggregate-return -Wmissing-prototypes -Wnested-externs -Wsign-compare -DDVBPSI_DIST -o .libs/test_dr test_dr-test_dr.o  -L../src /home/chevy/dvb/libdvbpsi-1.1.2/src/.libs/libdvbpsi.so
make[2]: Leaving directory `/home/chevy/dvb/libdvbpsi-1.1.2/misc'
make[2]: Entering directory `/home/chevy/dvb/libdvbpsi-1.1.2'
make[2]: Leaving directory `/home/chevy/dvb/libdvbpsi-1.1.2'
make[1]: Leaving directory `/home/chevy/dvb/libdvbpsi-1.1.2'
